	[22/Aug/11 12:13:20][AUDIT][u3pqjsv9am0dp8vvpi9b1toq37][GUI]
		Login for 'admin' from '::1' succeeded
	[22/Aug/11 12:43:53][AUDIT][qdu6f24sbopbjretsmq8hmuivg][GUI]
		Login for 'admin' from '86.124.4.24' succeeded
	[22/Aug/11 12:44:24][AUDIT][qdu6f24sbopbjretsmq8hmuivg][GUI - Test Project ID : 1]
		Test Project 'pillpez' was created
	[22/Aug/11 12:45:51][AUDIT][qdu6f24sbopbjretsmq8hmuivg][GUI - Test Project ID : 1]
		User 'irina' was created
	[22/Aug/11 12:46:30][AUDIT][qdu6f24sbopbjretsmq8hmuivg][GUI - Test Project ID : 1]
		User 'sebiboga' was created
	[22/Aug/11 12:48:55][AUDIT][qdu6f24sbopbjretsmq8hmuivg][GUI - Test Project ID : 1]
		Test Project 'pillpez' was saved
	[22/Aug/11 14:03:55][AUDIT][1fo8jbvh9av10ddijav8fpgq8p][GUI - Test Project ID : 1]
		Login for 'irina' from '92.86.150.57' succeeded
	[22/Aug/11 14:53:30][AUDIT][grl4g4cf8en0bjvrl8ujsaga4h][GUI - Test Project ID : 1]
		Login for 'admin' from '86.124.4.24' succeeded
	[22/Aug/11 17:20:57][AUDIT][qdu6f24sbopbjretsmq8hmuivg][GUI - Test Project ID : 1]
		Login for 'admin' from '86.124.4.24' succeeded
	[22/Aug/11 17:28:21][AUDIT][qdu6f24sbopbjretsmq8hmuivg][GUI - Test Project ID : 1]
		Test Project 'pillpez' - Test Plan 'Sprint 4' was created
	[22/Aug/11 17:29:03][AUDIT][qdu6f24sbopbjretsmq8hmuivg][GUI - Test Project ID : 1]
		Test Case 'pp-1 : I am able to LOGIN as a Provider' version 1 was added to Test Plan Sprint 4
	[22/Aug/11 17:29:42][AUDIT][qdu6f24sbopbjretsmq8hmuivg][GUI - Test Project ID : 1]
		Test Project 'pillpez' - Test Plan 'Sprint 4' - Build 'Sprint 4' was created
	[22/Aug/11 17:30:59][AUDIT][qdu6f24sbopbjretsmq8hmuivg][GUI - Test Project ID : 1]
		Test Case 'pp-1' has been executed on Build 'Sprint 4' in the Test Plan 'Sprint 4'.
	[22/Aug/11 17:33:37][AUDIT][qdu6f24sbopbjretsmq8hmuivg][GUI - Test Project ID : 1]
		Login for 'admin' from '86.124.4.24' succeeded
	[22/Aug/11 17:35:10][AUDIT][qdu6f24sbopbjretsmq8hmuivg][GUI - Test Project ID : 1]
		Login for 'admin' from '86.124.4.24' succeeded
	[22/Aug/11 17:37:28][AUDIT][1fo8jbvh9av10ddijav8fpgq8p][GUI - Test Project ID : 1]
		Login for 'irina' from '188.24.81.31' succeeded
	[22/Aug/11 17:44:22][AUDIT][1fo8jbvh9av10ddijav8fpgq8p][GUI - Test Project ID : 1]
		Test Case 'pp-2 : Design' version 1 was added to Test Plan Sprint 4
	[22/Aug/11 17:45:44][AUDIT][1fo8jbvh9av10ddijav8fpgq8p][GUI - Test Project ID : 1]
		Test Case 'pp-2' has been executed on Build 'Sprint 4' in the Test Plan 'Sprint 4'.
	[22/Aug/11 17:45:55][AUDIT][1fo8jbvh9av10ddijav8fpgq8p][GUI - Test Project ID : 1]
		Test Case 'pp-2' has been executed on Build 'Sprint 4' in the Test Plan 'Sprint 4'.
	[22/Aug/11 17:46:01][AUDIT][1fo8jbvh9av10ddijav8fpgq8p][GUI - Test Project ID : 1]
		Test Case 'pp-2' has been executed on Build 'Sprint 4' in the Test Plan 'Sprint 4'.
	[22/Aug/11 17:46:10][AUDIT][1fo8jbvh9av10ddijav8fpgq8p][GUI - Test Project ID : 1]
		Test Case 'pp-2' has been executed on Build 'Sprint 4' in the Test Plan 'Sprint 4'.
	[22/Aug/12 19:28:59][AUDIT][4ap1ei2om98to3ku26b7lm4p98][GUI - Test Project ID : 1]
		Login for 'admin' from '86.124.4.24' succeeded
	[22/Aug/13 07:14:31][AUDIT][<nosession>][GUI]
		Login for 'sebiboga' from '::1' failed
	[22/Aug/13 07:14:37][AUDIT][7987pkef7hm6ngmfvf8bqsui9k][GUI - Test Project ID : 1]
		Login for 'sebiboga' from '::1' succeeded
	[22/Aug/13 10:26:16][AUDIT][7987pkef7hm6ngmfvf8bqsui9k][GUI - Test Project ID : 1]
		Test Case 'pp-3 : Design for provider screen' version 1 was added to Test Plan Sprint 4
	[22/Aug/13 10:26:16][AUDIT][7987pkef7hm6ngmfvf8bqsui9k][GUI - Test Project ID : 1]
		Test Case 'pp-4 : Design for Login screen' version 1 was added to Test Plan Sprint 4
	[22/Aug/13 10:26:16][AUDIT][7987pkef7hm6ngmfvf8bqsui9k][GUI - Test Project ID : 1]
		Test Case 'pp-5 : First Name is mandatory field in account screen when logged in as provider' version 1 was added to Test Plan Sprint 4
	[22/Aug/13 10:26:16][AUDIT][7987pkef7hm6ngmfvf8bqsui9k][GUI - Test Project ID : 1]
		Test Case 'pp-6 : Last Name is mandatory field in account screen when logged in as provider' version 1 was added to Test Plan Sprint 4
	[22/Aug/13 10:26:16][AUDIT][7987pkef7hm6ngmfvf8bqsui9k][GUI - Test Project ID : 1]
		Test Case 'pp-7 : Primary Number is mandatory field in account screen when logged in as provider' version 1 was added to Test Plan Sprint 4
	[22/Aug/13 10:26:16][AUDIT][7987pkef7hm6ngmfvf8bqsui9k][GUI - Test Project ID : 1]
		Test Case 'pp-8 : Alternate Number is mandatory field in account screen when logged in as provider' version 1 was added to Test Plan Sprint 4
	[22/Aug/13 10:26:16][AUDIT][7987pkef7hm6ngmfvf8bqsui9k][GUI - Test Project ID : 1]
		Test Case 'pp-9 : email address field cannot be modified in account screen when logged in as provider' version 1 was added to Test Plan Sprint 4
	[22/Aug/13 10:31:15][AUDIT][7987pkef7hm6ngmfvf8bqsui9k][GUI - Test Project ID : 1]
		Test Project 'PillPez' was saved
	[22/Aug/13 10:32:38][AUDIT][7987pkef7hm6ngmfvf8bqsui9k][GUI - Test Project ID : 1]
		Test Project 'PillPez' - Test Plan 'BETA Delivery' was saved
	[22/Aug/13 10:35:32][AUDIT][7987pkef7hm6ngmfvf8bqsui9k][GUI - Test Project ID : 1]
		Test Project 'PillPez' was saved
	[22/Aug/13 10:37:03][AUDIT][7987pkef7hm6ngmfvf8bqsui9k][GUI - Test Project ID : 1]
		Test Project 'PillPez' was saved
	[22/Aug/13 11:13:14][AUDIT][7987pkef7hm6ngmfvf8bqsui9k][GUI - Test Project ID : 1]
		Test Project 'PillPez' was saved
	[22/Aug/13 11:18:18][AUDIT][7987pkef7hm6ngmfvf8bqsui9k][GUI - Test Project ID : 1]
		Test Case 'pp-10 : Design for End-User screen when logged as provider' version 1 was added to Test Plan BETA Delivery
	[22/Aug/13 11:18:18][AUDIT][7987pkef7hm6ngmfvf8bqsui9k][GUI - Test Project ID : 1]
		Test Case 'pp-11 : Provider is able to delete end-user from the table' version 1 was added to Test Plan BETA Delivery
	[22/Aug/13 11:18:18][AUDIT][7987pkef7hm6ngmfvf8bqsui9k][GUI - Test Project ID : 1]
		Test Case 'pp-12 : Cancel from End-User deletion modal is cancelling the process of deleting an End_user' version 1 was added to Test Plan BETA Delivery
	[22/Aug/13 11:18:18][AUDIT][7987pkef7hm6ngmfvf8bqsui9k][GUI - Test Project ID : 1]
		Test Case 'pp-13 : Review End-User button from enduser-summary screen is redirecting to enduser details screen' version 1 was added to Test Plan BETA Delivery
	[22/Aug/13 11:18:18][AUDIT][7987pkef7hm6ngmfvf8bqsui9k][GUI - Test Project ID : 1]
		Test Case 'pp-14 : Pagination in End-User summary screen for providers' version 1 was added to Test Plan BETA Delivery
	[22/Aug/13 11:18:18][AUDIT][7987pkef7hm6ngmfvf8bqsui9k][GUI - Test Project ID : 1]
		Test Case 'pp-15 : Design for adding a new end-user' version 1 was added to Test Plan BETA Delivery
	[22/Aug/13 11:18:18][AUDIT][7987pkef7hm6ngmfvf8bqsui9k][GUI - Test Project ID : 1]
		Test Case 'pp-16 : Newly added end-user is displayed in Your End-Users table for Provider' version 1 was added to Test Plan BETA Delivery
	[22/Aug/13 11:25:11][AUDIT][7987pkef7hm6ngmfvf8bqsui9k][GUI - Test Project ID : 1]
		Test Project 'PillPez' - Test Plan 'BETA Delivery' - Build 'BETA' was saved
	[22/Aug/13 13:52:43][AUDIT][4ap1ei2om98to3ku26b7lm4p98][GUI - Test Project ID : 1]
		Login for 'sebiboga' from '86.124.4.24' succeeded
	[22/Aug/13 14:54:39][AUDIT][7987pkef7hm6ngmfvf8bqsui9k][GUI - Test Project ID : 1]
		Login for 'sebiboga' from '::1' succeeded
	[22/Aug/13 14:56:51][AUDIT][7987pkef7hm6ngmfvf8bqsui9k][GUI - Test Project ID : 1]
		Test Case 'pp-3' has been executed on Build 'BETA' in the Test Plan 'BETA Delivery'.
	[22/Aug/13 14:56:57][AUDIT][7987pkef7hm6ngmfvf8bqsui9k][GUI - Test Project ID : 1]
		Test Case 'pp-5' has been executed on Build 'BETA' in the Test Plan 'BETA Delivery'.
	[22/Aug/13 14:57:01][AUDIT][7987pkef7hm6ngmfvf8bqsui9k][GUI - Test Project ID : 1]
		Test Case 'pp-6' has been executed on Build 'BETA' in the Test Plan 'BETA Delivery'.
	[22/Aug/13 14:57:05][AUDIT][7987pkef7hm6ngmfvf8bqsui9k][GUI - Test Project ID : 1]
		Test Case 'pp-7' has been executed on Build 'BETA' in the Test Plan 'BETA Delivery'.
	[22/Aug/13 14:57:10][AUDIT][7987pkef7hm6ngmfvf8bqsui9k][GUI - Test Project ID : 1]
		Test Case 'pp-8' has been executed on Build 'BETA' in the Test Plan 'BETA Delivery'.
	[22/Aug/13 14:57:13][AUDIT][7987pkef7hm6ngmfvf8bqsui9k][GUI - Test Project ID : 1]
		Test Case 'pp-9' has been executed on Build 'BETA' in the Test Plan 'BETA Delivery'.
	[22/Aug/13 14:57:20][AUDIT][7987pkef7hm6ngmfvf8bqsui9k][GUI - Test Project ID : 1]
		Test Case 'pp-10' has been executed on Build 'BETA' in the Test Plan 'BETA Delivery'.
	[22/Aug/13 14:57:24][AUDIT][7987pkef7hm6ngmfvf8bqsui9k][GUI - Test Project ID : 1]
		Test Case 'pp-11' has been executed on Build 'BETA' in the Test Plan 'BETA Delivery'.
	[22/Aug/13 14:57:29][AUDIT][7987pkef7hm6ngmfvf8bqsui9k][GUI - Test Project ID : 1]
		Test Case 'pp-12' has been executed on Build 'BETA' in the Test Plan 'BETA Delivery'.
	[22/Aug/13 14:57:33][AUDIT][7987pkef7hm6ngmfvf8bqsui9k][GUI - Test Project ID : 1]
		Test Case 'pp-13' has been executed on Build 'BETA' in the Test Plan 'BETA Delivery'.
	[22/Aug/13 14:57:40][AUDIT][7987pkef7hm6ngmfvf8bqsui9k][GUI - Test Project ID : 1]
		Test Case 'pp-14' has been executed on Build 'BETA' in the Test Plan 'BETA Delivery'.
	[22/Aug/13 14:57:47][AUDIT][7987pkef7hm6ngmfvf8bqsui9k][GUI - Test Project ID : 1]
		Test Case 'pp-15' has been executed on Build 'BETA' in the Test Plan 'BETA Delivery'.
	[22/Aug/13 14:57:53][AUDIT][7987pkef7hm6ngmfvf8bqsui9k][GUI - Test Project ID : 1]
		Test Case 'pp-16' has been executed on Build 'BETA' in the Test Plan 'BETA Delivery'.
	[22/Aug/13 14:58:01][AUDIT][7987pkef7hm6ngmfvf8bqsui9k][GUI - Test Project ID : 1]
		An execution of Test Case 'pp-2' on Build 'BETA' in the Test Plan 'BETA Delivery' has been deleted.
	[22/Aug/13 14:58:21][AUDIT][7987pkef7hm6ngmfvf8bqsui9k][GUI - Test Project ID : 1]
		Test Case 'pp-4' has been executed on Build 'BETA' in the Test Plan 'BETA Delivery'.
	[22/Aug/13 15:14:44][AUDIT][4ap1ei2om98to3ku26b7lm4p98][GUI - Test Project ID : 1]
		Login for 'sebiboga' from '86.124.4.24' succeeded
	[22/Aug/13 17:42:12][AUDIT][fljngsheuc7459bdp2epelqiko][GUI - Test Project ID : 1]
		Login for 'admin' from '86.124.4.24' succeeded
	[22/Aug/15 06:46:50][AUDIT][<nosession>][GUI]
		Login for 'sebiboga' from '84.232.158.151' failed
	[22/Aug/15 06:47:02][AUDIT][sr4pqegc4utolvgi5m7no300mr][GUI - Test Project ID : 1]
		Login for 'sebiboga' from '84.232.158.151' succeeded
	[22/Aug/15 06:47:07][AUDIT][9trr1dpj43ubqdf0o6lbeckv66][GUI - Test Project ID : 1]
		Login for 'irina' from '84.232.158.151' succeeded
	[22/Aug/15 07:17:11][AUDIT][sr4pqegc4utolvgi5m7no300mr][GUI - Test Project ID : 1]
		Logout of 'sebiboga'
	[22/Aug/15 07:17:51][AUDIT][sr4pqegc4utolvgi5m7no300mr][GUI - Test Project ID : 1]
		Login for 'admin' from '84.232.158.151' succeeded
	[22/Aug/15 08:50:31][AUDIT][sr4pqegc4utolvgi5m7no300mr][GUI - Test Project ID : 1]
		Test Case 'pp-25' has been deleted.
	[22/Aug/15 10:46:42][AUDIT][sr4pqegc4utolvgi5m7no300mr][GUI - Test Project ID : 1]
		Test Case 'pp-17 : Success overlay after adding an End-User' version 1 was added to Test Plan BETA Delivery
	[22/Aug/15 10:46:42][AUDIT][sr4pqegc4utolvgi5m7no300mr][GUI - Test Project ID : 1]
		Test Case 'pp-18 : Device ID# parameter is unique and it connects the user to a device' version 1 was added to Test Plan BETA Delivery
	[22/Aug/15 10:46:42][AUDIT][sr4pqegc4utolvgi5m7no300mr][GUI - Test Project ID : 1]
		Test Case 'pp-19 : End-User details - Design' version 1 was added to Test Plan BETA Delivery
	[22/Aug/15 10:46:42][AUDIT][sr4pqegc4utolvgi5m7no300mr][GUI - Test Project ID : 1]
		Test Case 'pp-20 : End-User details - Edit' version 1 was added to Test Plan BETA Delivery
	[22/Aug/15 10:46:42][AUDIT][sr4pqegc4utolvgi5m7no300mr][GUI - Test Project ID : 1]
		Test Case 'pp-21 : End-User details - 'End-User ID#' field can not be edited' version 1 was added to Test Plan BETA Delivery
	[22/Aug/15 10:46:42][AUDIT][sr4pqegc4utolvgi5m7no300mr][GUI - Test Project ID : 1]
		Test Case 'pp-22 : End-User details - Edit & Cancel' version 1 was added to Test Plan BETA Delivery
	[22/Aug/15 10:46:42][AUDIT][sr4pqegc4utolvgi5m7no300mr][GUI - Test Project ID : 1]
		Test Case 'pp-23 : End-User details - Online Connectivity' version 1 was added to Test Plan BETA Delivery
	[22/Aug/15 10:46:42][AUDIT][sr4pqegc4utolvgi5m7no300mr][GUI - Test Project ID : 1]
		Test Case 'pp-26 : End-User details - Offline Connectivity' version 1 was added to Test Plan BETA Delivery
	[22/Aug/15 10:46:42][AUDIT][sr4pqegc4utolvgi5m7no300mr][GUI - Test Project ID : 1]
		Test Case 'pp-24 : Design for adherence screen' version 1 was added to Test Plan BETA Delivery
	[22/Aug/15 10:46:42][AUDIT][sr4pqegc4utolvgi5m7no300mr][GUI - Test Project ID : 1]
		Test Case 'pp-30 : Auxiliary medicine are not tracked in adherence when was added with flag: "don't track in adherence"' version 1 was added to Test Plan BETA Delivery
	[22/Aug/15 10:46:42][AUDIT][sr4pqegc4utolvgi5m7no300mr][GUI - Test Project ID : 1]
		Test Case 'pp-27 : Care Team - Design with assigned resident/End-User' version 1 was added to Test Plan BETA Delivery
	[22/Aug/15 10:46:42][AUDIT][sr4pqegc4utolvgi5m7no300mr][GUI - Test Project ID : 1]
		Test Case 'pp-28 : Care Team - Design with unassigned resident/End-User' version 1 was added to Test Plan BETA Delivery
	[22/Aug/15 10:46:42][AUDIT][sr4pqegc4utolvgi5m7no300mr][GUI - Test Project ID : 1]
		Test Case 'pp-29 : Care Team - Add a Care Team Member' version 1 was added to Test Plan BETA Delivery
	[22/Aug/15 11:06:59][AUDIT][sr4pqegc4utolvgi5m7no300mr][GUI - Test Project ID : 1]
		Test Case 'pp-33' has been deleted.
	[22/Aug/15 11:07:21][AUDIT][sr4pqegc4utolvgi5m7no300mr][GUI - Test Project ID : 1]
		Test Case 'pp-34' has been deleted.
	[22/Aug/15 11:57:35][AUDIT][9trr1dpj43ubqdf0o6lbeckv66][GUI - Test Project ID : 1]
		Test Case 'pp-41' has been deleted.
	[22/Aug/15 12:11:47][AUDIT][9trr1dpj43ubqdf0o6lbeckv66][GUI - Test Project ID : 1]
		Test Case 'pp-43' has been deleted.
	[22/Aug/15 13:08:16][AUDIT][sr4pqegc4utolvgi5m7no300mr][GUI - Test Project ID : 1]
		Test Case 'pp-37 : Portal is delivered through HTTPS' version 1 was added to Test Plan BETA Delivery
	[22/Aug/15 13:08:16][AUDIT][sr4pqegc4utolvgi5m7no300mr][GUI - Test Project ID : 1]
		Test Case 'pp-31 : Care Team - Drop-down Add a Care Team Member' version 1 was added to Test Plan BETA Delivery
	[22/Aug/15 13:08:16][AUDIT][sr4pqegc4utolvgi5m7no300mr][GUI - Test Project ID : 1]
		Test Case 'pp-35 : Care Team - Hyperlink - Add a Care Team Member' version 1 was added to Test Plan BETA Delivery
	[22/Aug/15 13:08:16][AUDIT][sr4pqegc4utolvgi5m7no300mr][GUI - Test Project ID : 1]
		Test Case 'pp-32 : Design for schedule screen' version 1 was added to Test Plan BETA Delivery
	[22/Aug/15 13:08:16][AUDIT][sr4pqegc4utolvgi5m7no300mr][GUI - Test Project ID : 1]
		Test Case 'pp-38 : Device - Design - Unassigned device' version 1 was added to Test Plan BETA Delivery
	[22/Aug/15 13:08:16][AUDIT][sr4pqegc4utolvgi5m7no300mr][GUI - Test Project ID : 1]
		Test Case 'pp-42 : Device - Design - Assigned device' version 1 was added to Test Plan BETA Delivery
	[22/Aug/15 13:08:16][AUDIT][sr4pqegc4utolvgi5m7no300mr][GUI - Test Project ID : 1]
		Test Case 'pp-44 : Add Device - Design' version 1 was added to Test Plan BETA Delivery
	[22/Aug/15 13:08:16][AUDIT][sr4pqegc4utolvgi5m7no300mr][GUI - Test Project ID : 1]
		Test Case 'pp-46 : Add Device - Device ID field' version 1 was added to Test Plan BETA Delivery
	[22/Aug/15 13:08:16][AUDIT][sr4pqegc4utolvgi5m7no300mr][GUI - Test Project ID : 1]
		Test Case 'pp-47 : Invitation link is received in inbox for caregiver' version 1 was added to Test Plan BETA Delivery
	[22/Aug/15 13:08:16][AUDIT][sr4pqegc4utolvgi5m7no300mr][GUI - Test Project ID : 1]
		Test Case 'pp-45 : Success overlay after adding a Caregiver' version 1 was added to Test Plan BETA Delivery
	[22/Aug/15 13:08:16][AUDIT][sr4pqegc4utolvgi5m7no300mr][GUI - Test Project ID : 1]
		Test Case 'pp-40 : You can Add A Caregiver' version 1 was added to Test Plan BETA Delivery
	[22/Aug/15 13:08:16][AUDIT][sr4pqegc4utolvgi5m7no300mr][GUI - Test Project ID : 1]
		Test Case 'pp-39 : Design for Add A Caregiver' version 1 was added to Test Plan BETA Delivery
	[22/Aug/15 13:08:16][AUDIT][sr4pqegc4utolvgi5m7no300mr][GUI - Test Project ID : 1]
		Test Case 'pp-48 : Add End-User - Design' version 1 was added to Test Plan BETA Delivery
	[22/Aug/15 13:08:16][AUDIT][sr4pqegc4utolvgi5m7no300mr][GUI - Test Project ID : 1]
		Test Case 'pp-36 : Functionalities in footer' version 1 was added to Test Plan BETA Delivery
	[22/Aug/15 13:09:52][AUDIT][qhff3ijiuebi966u4eecjsh4p2][GUI - Test Project ID : 1]
		Login for 'admin' from '::1' succeeded
	[22/Aug/16 14:11:25][AUDIT][mlpb0preh87so33a4gmrfpjkha][GUI - Test Project ID : 1]
		Login for 'irina' from '81.196.119.29' succeeded
	[22/Aug/16 16:43:38][AUDIT][gbqk4u3raruguf872ii5d1ck3u][GUI - Test Project ID : 1]
		Login for 'admin' from '84.232.158.151' succeeded
	[22/Aug/16 19:16:35][AUDIT][mlpb0preh87so33a4gmrfpjkha][GUI - Test Project ID : 1]
		Login for 'irina' from '81.196.119.29' succeeded
	[22/Aug/17 17:19:35][AUDIT][h17denv763nvgfmc65gbvflj0m][GUI - Test Project ID : 1]
		Login for 'admin' from '84.232.158.151' succeeded
	[22/Aug/17 20:46:09][AUDIT][se0mnmjukhpralm723oig386f9][GUI - Test Project ID : 1]
		Login for 'irina' from '84.232.158.151' succeeded
	[22/Aug/18 12:36:34][AUDIT][se0mnmjukhpralm723oig386f9][GUI - Test Project ID : 1]
		Login for 'irina' from '84.232.158.151' succeeded
	[22/Aug/18 13:46:04][AUDIT][rko28nbteaq4q908pp79jjkdtg][GUI - Test Project ID : 1]
		Login for 'admin' from '84.232.158.151' succeeded
	[22/Aug/18 13:46:13][AUDIT][rko28nbteaq4q908pp79jjkdtg][GUI - Test Project ID : 1]
		Logout of 'admin'
	[22/Aug/18 13:46:24][AUDIT][rko28nbteaq4q908pp79jjkdtg][GUI - Test Project ID : 1]
		Login for 'sebiboga' from '84.232.158.151' succeeded
	[22/Aug/18 18:14:09][AUDIT][rko28nbteaq4q908pp79jjkdtg][GUI - Test Project ID : 1]
		Login for 'sebiboga' from '84.232.158.151' succeeded
	[22/Aug/18 18:24:39][AUDIT][se0mnmjukhpralm723oig386f9][GUI - Test Project ID : 1]
		Login for 'irina' from '84.232.158.151' succeeded
	[22/Aug/18 18:25:21][AUDIT][rko28nbteaq4q908pp79jjkdtg][GUI - Test Project ID : 1]
		Test Case 'pp-60 : Search bar' version 1 was added to Test Plan BETA Delivery
	[22/Aug/18 18:25:21][AUDIT][rko28nbteaq4q908pp79jjkdtg][GUI - Test Project ID : 1]
		Test Case 'pp-59 : Search bar' version 1 was added to Test Plan BETA Delivery
	[22/Aug/18 18:25:21][AUDIT][rko28nbteaq4q908pp79jjkdtg][GUI - Test Project ID : 1]
		Test Case 'pp-61 : Order the End-Users table' version 1 was added to Test Plan BETA Delivery
	[22/Aug/18 18:25:21][AUDIT][rko28nbteaq4q908pp79jjkdtg][GUI - Test Project ID : 1]
		Test Case 'pp-49 : Add End-User - Success' version 1 was added to Test Plan BETA Delivery
	[22/Aug/18 18:25:21][AUDIT][rko28nbteaq4q908pp79jjkdtg][GUI - Test Project ID : 1]
		Test Case 'pp-56 : Your caregivers - Deletion of a caregiver is not allowed when the caregiver has assigned an End-User' version 1 was added to Test Plan BETA Delivery
	[22/Aug/18 18:25:21][AUDIT][rko28nbteaq4q908pp79jjkdtg][GUI - Test Project ID : 1]
		Test Case 'pp-51 : Your caregivers - Design' version 1 was added to Test Plan BETA Delivery
	[22/Aug/18 18:25:21][AUDIT][rko28nbteaq4q908pp79jjkdtg][GUI - Test Project ID : 1]
		Test Case 'pp-52 : Provider is able to delete caregiver from the table' version 1 was added to Test Plan BETA Delivery
	[22/Aug/18 18:25:21][AUDIT][rko28nbteaq4q908pp79jjkdtg][GUI - Test Project ID : 1]
		Test Case 'pp-53 : Cancel from Caregiver deletion modal is cancelling the process of deleting a Caregiver' version 1 was added to Test Plan BETA Delivery
	[22/Aug/18 18:25:21][AUDIT][rko28nbteaq4q908pp79jjkdtg][GUI - Test Project ID : 1]
		Test Case 'pp-54 : Your Caregivers - Edit' version 1 was added to Test Plan BETA Delivery
	[22/Aug/18 18:25:21][AUDIT][rko28nbteaq4q908pp79jjkdtg][GUI - Test Project ID : 1]
		Test Case 'pp-55 : Your Caregivers - Edit -> Cancel' version 1 was added to Test Plan BETA Delivery
	[22/Aug/18 18:25:21][AUDIT][rko28nbteaq4q908pp79jjkdtg][GUI - Test Project ID : 1]
		Test Case 'pp-50 : Invitation expire once you click the link' version 1 was added to Test Plan BETA Delivery
	[22/Aug/18 18:25:21][AUDIT][rko28nbteaq4q908pp79jjkdtg][GUI - Test Project ID : 1]
		Test Case 'pp-57 : I am able to login as a Caregiver' version 1 was added to Test Plan BETA Delivery
	[22/Aug/18 18:25:21][AUDIT][rko28nbteaq4q908pp79jjkdtg][GUI - Test Project ID : 1]
		Test Case 'pp-58 : Caregiver setup new account flow' version 1 was added to Test Plan BETA Delivery
	[22/Aug/18 18:25:21][AUDIT][rko28nbteaq4q908pp79jjkdtg][GUI - Test Project ID : 1]
		Test Case 'pp-62 : You caregiver account details - Design' version 1 was added to Test Plan BETA Delivery
	[22/Aug/18 18:25:21][AUDIT][rko28nbteaq4q908pp79jjkdtg][GUI - Test Project ID : 1]
		Test Case 'pp-63 : Notifications - Design' version 1 was added to Test Plan BETA Delivery
	[22/Aug/18 18:25:21][AUDIT][rko28nbteaq4q908pp79jjkdtg][GUI - Test Project ID : 1]
		Test Case 'pp-66 : Pagination' version 1 was added to Test Plan BETA Delivery
	[22/Aug/18 18:25:21][AUDIT][rko28nbteaq4q908pp79jjkdtg][GUI - Test Project ID : 1]
		Test Case 'pp-64 : Your End-Users screen - Design' version 1 was added to Test Plan BETA Delivery
	[22/Aug/18 18:25:21][AUDIT][rko28nbteaq4q908pp79jjkdtg][GUI - Test Project ID : 1]
		Test Case 'pp-65 : Caregiver - Ordering the End-Users' version 1 was added to Test Plan BETA Delivery
	[22/Aug/18 18:25:21][AUDIT][rko28nbteaq4q908pp79jjkdtg][GUI - Test Project ID : 1]
		Test Case 'pp-67 : End-User details - Design' version 1 was added to Test Plan BETA Delivery
	[22/Aug/18 18:25:21][AUDIT][rko28nbteaq4q908pp79jjkdtg][GUI - Test Project ID : 1]
		Test Case 'pp-68 : End-Users details - Online connectivity' version 1 was added to Test Plan BETA Delivery
	[22/Aug/18 18:25:21][AUDIT][rko28nbteaq4q908pp79jjkdtg][GUI - Test Project ID : 1]
		Test Case 'pp-69 : End-Users details - Offline connectivity' version 1 was added to Test Plan BETA Delivery
	[22/Aug/18 18:25:21][AUDIT][rko28nbteaq4q908pp79jjkdtg][GUI - Test Project ID : 1]
		Test Case 'pp-70 : Care Team - Design' version 1 was added to Test Plan BETA Delivery
	[22/Aug/18 19:09:37][AUDIT][rko28nbteaq4q908pp79jjkdtg][GUI - Test Project ID : 1]
		Test Case 'pp-19' has been executed on Build 'BETA' in the Test Plan 'BETA Delivery'.
	[22/Aug/18 19:11:16][AUDIT][rko28nbteaq4q908pp79jjkdtg][GUI - Test Project ID : 1]
		Test Case 'pp-20' has been executed on Build 'BETA' in the Test Plan 'BETA Delivery'.
	[22/Aug/18 19:13:16][AUDIT][rko28nbteaq4q908pp79jjkdtg][GUI - Test Project ID : 1]
		Test Case 'pp-22' has been executed on Build 'BETA' in the Test Plan 'BETA Delivery'.
	[22/Aug/18 19:15:30][AUDIT][rko28nbteaq4q908pp79jjkdtg][GUI - Test Project ID : 1]
		Test Case 'pp-31' has been executed on Build 'BETA' in the Test Plan 'BETA Delivery'.
	[22/Aug/18 19:17:31][AUDIT][rko28nbteaq4q908pp79jjkdtg][GUI - Test Project ID : 1]
		Test Case 'pp-35' has been executed on Build 'BETA' in the Test Plan 'BETA Delivery'.
	[22/Aug/18 19:34:43][AUDIT][rko28nbteaq4q908pp79jjkdtg][GUI - Test Project ID : 1]
		Test Case 'pp-27' has been executed on Build 'BETA' in the Test Plan 'BETA Delivery'.
	[22/Aug/18 19:37:34][AUDIT][rko28nbteaq4q908pp79jjkdtg][GUI - Test Project ID : 1]
		Test Case 'pp-28' has been executed on Build 'BETA' in the Test Plan 'BETA Delivery'.
	[22/Aug/18 19:42:44][AUDIT][rko28nbteaq4q908pp79jjkdtg][GUI - Test Project ID : 1]
		Test Case 'pp-29' has been executed on Build 'BETA' in the Test Plan 'BETA Delivery'.
	[22/Aug/18 19:45:32][AUDIT][rko28nbteaq4q908pp79jjkdtg][GUI - Test Project ID : 1]
		Test Case 'pp-38' has been executed on Build 'BETA' in the Test Plan 'BETA Delivery'.
	[22/Aug/18 19:47:14][AUDIT][rko28nbteaq4q908pp79jjkdtg][GUI - Test Project ID : 1]
		Test Case 'pp-42' has been executed on Build 'BETA' in the Test Plan 'BETA Delivery'.
	[22/Aug/18 19:52:12][AUDIT][rko28nbteaq4q908pp79jjkdtg][GUI - Test Project ID : 1]
		Test Case 'pp-46' has been executed on Build 'BETA' in the Test Plan 'BETA Delivery'.
	[22/Aug/18 19:54:18][AUDIT][rko28nbteaq4q908pp79jjkdtg][GUI - Test Project ID : 1]
		Test Case 'pp-44' has been executed on Build 'BETA' in the Test Plan 'BETA Delivery'.
	[22/Aug/19 17:50:34][AUDIT][hllcgsom8rkckt8d1gg6bu5d6k][GUI - Test Project ID : 1]
		Login for 'admin' from '84.232.158.151' succeeded
	[22/Aug/20 09:03:29][AUDIT][60jj4f705t8qul3ceb5o33c84b][GUI - Test Project ID : 1]
		Login for 'sebiboga' from '84.232.158.151' succeeded
	[22/Aug/20 09:10:16][AUDIT][60jj4f705t8qul3ceb5o33c84b][GUI - Test Project ID : 1]
		Test Case 'pp-20' has been executed on Build 'BETA' in the Test Plan 'BETA Delivery'.
	[22/Aug/20 09:14:52][AUDIT][60jj4f705t8qul3ceb5o33c84b][GUI - Test Project ID : 1]
		Test Case 'pp-21' has been executed on Build 'BETA' in the Test Plan 'BETA Delivery'.
	[22/Aug/20 09:18:53][AUDIT][60jj4f705t8qul3ceb5o33c84b][GUI - Test Project ID : 1]
		Test Case 'pp-31' has been executed on Build 'BETA' in the Test Plan 'BETA Delivery'.
	[22/Aug/20 09:21:01][AUDIT][60jj4f705t8qul3ceb5o33c84b][GUI - Test Project ID : 1]
		Test Case 'pp-22' has been executed on Build 'BETA' in the Test Plan 'BETA Delivery'.
	[22/Aug/20 09:34:52][AUDIT][60jj4f705t8qul3ceb5o33c84b][GUI - Test Project ID : 1]
		Test Case 'pp-35' has been executed on Build 'BETA' in the Test Plan 'BETA Delivery'.
	[22/Aug/20 09:42:34][AUDIT][60jj4f705t8qul3ceb5o33c84b][GUI - Test Project ID : 1]
		Test Case 'pp-27' has been executed on Build 'BETA' in the Test Plan 'BETA Delivery'.
	[22/Aug/20 09:43:14][AUDIT][60jj4f705t8qul3ceb5o33c84b][GUI - Test Project ID : 1]
		Test Case 'pp-28' has been executed on Build 'BETA' in the Test Plan 'BETA Delivery'.
	[22/Aug/20 09:50:32][AUDIT][60jj4f705t8qul3ceb5o33c84b][GUI - Test Project ID : 1]
		Test Case 'pp-29' has been executed on Build 'BETA' in the Test Plan 'BETA Delivery'.
	[22/Aug/20 09:53:48][AUDIT][60jj4f705t8qul3ceb5o33c84b][GUI - Test Project ID : 1]
		Test Case 'pp-38' has been executed on Build 'BETA' in the Test Plan 'BETA Delivery'.
	[22/Aug/20 09:54:12][AUDIT][60jj4f705t8qul3ceb5o33c84b][GUI - Test Project ID : 1]
		Test Case 'pp-42' has been executed on Build 'BETA' in the Test Plan 'BETA Delivery'.
	[22/Aug/20 11:10:04][AUDIT][60jj4f705t8qul3ceb5o33c84b][GUI - Test Project ID : 1]
		Test Case 'pp-46' has been executed on Build 'BETA' in the Test Plan 'BETA Delivery'.
	[22/Aug/20 11:24:36][AUDIT][60jj4f705t8qul3ceb5o33c84b][GUI - Test Project ID : 1]
		Test Case 'pp-44' has been executed on Build 'BETA' in the Test Plan 'BETA Delivery'.
	[22/Aug/20 11:41:47][AUDIT][60jj4f705t8qul3ceb5o33c84b][GUI - Test Project ID : 1]
		Test Case 'pp-10' has been executed on Build 'BETA' in the Test Plan 'BETA Delivery'.
	[22/Aug/20 12:01:54][AUDIT][60jj4f705t8qul3ceb5o33c84b][GUI - Test Project ID : 1]
		Test Case 'pp-11' has been executed on Build 'BETA' in the Test Plan 'BETA Delivery'.
	[22/Aug/20 12:02:18][AUDIT][60jj4f705t8qul3ceb5o33c84b][GUI - Test Project ID : 1]
		Test Case 'pp-12' has been executed on Build 'BETA' in the Test Plan 'BETA Delivery'.
	[22/Aug/20 12:02:55][AUDIT][60jj4f705t8qul3ceb5o33c84b][GUI - Test Project ID : 1]
		Test Case 'pp-13' has been executed on Build 'BETA' in the Test Plan 'BETA Delivery'.
	[22/Aug/20 12:03:40][AUDIT][60jj4f705t8qul3ceb5o33c84b][GUI - Test Project ID : 1]
		Test Case 'pp-14' has been executed on Build 'BETA' in the Test Plan 'BETA Delivery'.
	[22/Aug/20 12:11:01][AUDIT][60jj4f705t8qul3ceb5o33c84b][GUI - Test Project ID : 1]
		Test Case 'pp-15' has been executed on Build 'BETA' in the Test Plan 'BETA Delivery'.
	[22/Aug/20 12:13:29][AUDIT][60jj4f705t8qul3ceb5o33c84b][GUI - Test Project ID : 1]
		Test Case 'pp-16' has been executed on Build 'BETA' in the Test Plan 'BETA Delivery'.
	[22/Aug/20 12:23:55][AUDIT][60jj4f705t8qul3ceb5o33c84b][GUI - Test Project ID : 1]
		Test Case 'pp-17' has been executed on Build 'BETA' in the Test Plan 'BETA Delivery'.
	[22/Aug/20 13:13:15][AUDIT][60jj4f705t8qul3ceb5o33c84b][GUI - Test Project ID : 1]
		Test Case 'pp-18' has been executed on Build 'BETA' in the Test Plan 'BETA Delivery'.
	[22/Aug/20 13:20:28][AUDIT][60jj4f705t8qul3ceb5o33c84b][GUI - Test Project ID : 1]
		Test Case 'pp-49' has been executed on Build 'BETA' in the Test Plan 'BETA Delivery'.
	[22/Aug/20 13:21:23][AUDIT][60jj4f705t8qul3ceb5o33c84b][GUI - Test Project ID : 1]
		Test Case 'pp-48' has been executed on Build 'BETA' in the Test Plan 'BETA Delivery'.
	[22/Aug/20 13:28:13][AUDIT][60jj4f705t8qul3ceb5o33c84b][GUI - Test Project ID : 1]
		Test Case 'pp-56' has been executed on Build 'BETA' in the Test Plan 'BETA Delivery'.
	[22/Aug/20 13:49:52][AUDIT][60jj4f705t8qul3ceb5o33c84b][GUI - Test Project ID : 1]
		Test Case 'pp-51' has been executed on Build 'BETA' in the Test Plan 'BETA Delivery'.
	[22/Aug/20 16:47:17][AUDIT][mavh8jgv7icfjk2lme0h4la3mo][GUI - Test Project ID : 1]
		Login for 'admin' from '84.232.158.151' succeeded
	[22/Aug/20 20:57:22][AUDIT][mavh8jgv7icfjk2lme0h4la3mo][GUI - Test Project ID : 1]
		Logout of 'admin'
	[22/Aug/20 20:57:25][AUDIT][mavh8jgv7icfjk2lme0h4la3mo][GUI - Test Project ID : 1]
		Login for 'admin' from '84.232.158.151' succeeded
	[22/Aug/20 21:40:22][AUDIT][mavh8jgv7icfjk2lme0h4la3mo][GUI - Test Project ID : 1]
		Logout of 'admin'
	[22/Aug/20 21:40:25][AUDIT][mavh8jgv7icfjk2lme0h4la3mo][GUI - Test Project ID : 1]
		Login for 'admin' from '84.232.158.151' succeeded
	[22/Aug/20 22:27:46][AUDIT][mavh8jgv7icfjk2lme0h4la3mo][GUI - Test Project ID : 1]
		User 'admin' deleted all events
	[22/Aug/20 22:38:54][AUDIT][mavh8jgv7icfjk2lme0h4la3mo][GUI - Test Project ID : 1]
		User 'admin' deleted all events
	[22/Aug/20 22:39:56][AUDIT][mavh8jgv7icfjk2lme0h4la3mo][GUI - Test Project ID : 1]
		Test Project 'PillPez' was saved
	[22/Aug/20 22:41:21][AUDIT][mavh8jgv7icfjk2lme0h4la3mo][GUI - Test Project ID : 1]
		Test Project 'PillPez' was saved
	[22/Aug/20 22:41:46][AUDIT][mavh8jgv7icfjk2lme0h4la3mo][GUI - Test Project ID : 1]
		Test Project 'Future Project' was created
	[22/Aug/20 22:42:22][AUDIT][mavh8jgv7icfjk2lme0h4la3mo][GUI - Test Project ID : 484]
		Test Project 'Future Project' - Test Plan 'z' was created
	[22/Aug/20 22:42:22][AUDIT][mavh8jgv7icfjk2lme0h4la3mo][GUI - Test Project ID : 484]
		User 'admin' was assigned the role 'admin' to the Test Plan 'z'
	[22/Aug/20 22:42:31][AUDIT][mavh8jgv7icfjk2lme0h4la3mo][GUI - Test Project ID : 484]
		Test Project 'Future Project' - Test Plan 'z' was saved
	[22/Aug/20 22:42:40][AUDIT][mavh8jgv7icfjk2lme0h4la3mo][GUI - Test Project ID : 484]
		Test Case 'FP-1 : y' version 1 was added to Test Plan z
	[22/Aug/20 22:42:49][AUDIT][mavh8jgv7icfjk2lme0h4la3mo][GUI - Test Project ID : 484]
		Test Project 'Future Project' - Test Plan 'z' - Build 't' was created
	[22/Aug/20 22:43:03][AUDIT][mavh8jgv7icfjk2lme0h4la3mo][GUI - Test Project ID : 484]
		Test Case 'FP-1' has been executed on Build 't' in the Test Plan 'z'.
	[22/Aug/20 22:45:50][AUDIT][mavh8jgv7icfjk2lme0h4la3mo][GUI - Test Project ID : 484]
		Login for 'admin' from '84.232.158.151' succeeded
	[22/Aug/20 22:58:40][AUDIT][60jj4f705t8qul3ceb5o33c84b][GUI - Test Project ID : 484]
		Login for 'admin' from '84.232.158.151' succeeded
	[22/Aug/20 23:01:36][AUDIT][60jj4f705t8qul3ceb5o33c84b][GUI - Test Project ID : 484]
		User 'admin' deleted all events
	[22/Aug/20 23:03:53][AUDIT][60jj4f705t8qul3ceb5o33c84b][GUI - Test Project ID : 484]
		Bug '2' was added during execution
	[22/Aug/20 23:04:03][AUDIT][60jj4f705t8qul3ceb5o33c84b][GUI - Test Project ID : 484]
		Bug '2' was added during execution
	[22/Aug/20 23:17:09][AUDIT][60jj4f705t8qul3ceb5o33c84b][GUI - Test Project ID : 484]
		Login for 'admin' from '84.232.158.151' succeeded
	[22/Aug/20 23:17:25][AUDIT][60jj4f705t8qul3ceb5o33c84b][GUI - Test Project ID : 484]
		Bug '' was added during execution
	[22/Aug/20 23:20:05][AUDIT][60jj4f705t8qul3ceb5o33c84b][GUI - Test Project ID : 484]
		Bug '3' was added during execution
	[22/Aug/20 23:20:11][AUDIT][60jj4f705t8qul3ceb5o33c84b][GUI - Test Project ID : 484]
		Bug '3' was added during execution
	[22/Aug/20 23:23:27][AUDIT][60jj4f705t8qul3ceb5o33c84b][GUI - Test Project ID : 484]
		Bug '' was added during execution
	[22/Aug/20 23:23:27][AUDIT][60jj4f705t8qul3ceb5o33c84b][GUI - Test Project ID : 484]
		Test Case 'FP-1' has been executed on Build 't' in the Test Plan 'z'.
	[22/Aug/20 23:25:19][AUDIT][60jj4f705t8qul3ceb5o33c84b][GUI - Test Project ID : 484]
		Bug '' was added during execution
	[22/Aug/20 23:25:19][AUDIT][60jj4f705t8qul3ceb5o33c84b][GUI - Test Project ID : 484]
		Bug '' was added during execution
	[22/Aug/20 23:25:19][AUDIT][60jj4f705t8qul3ceb5o33c84b][GUI - Test Project ID : 484]
		Test Case 'FP-1' has been executed on Build 't' in the Test Plan 'z'.
	[22/Aug/20 23:26:17][AUDIT][60jj4f705t8qul3ceb5o33c84b][GUI - Test Project ID : 484]
		Bug '' was added during execution
	[22/Aug/20 23:26:18][AUDIT][60jj4f705t8qul3ceb5o33c84b][GUI - Test Project ID : 484]
		Bug '' was added during execution
	[22/Aug/20 23:26:18][AUDIT][60jj4f705t8qul3ceb5o33c84b][GUI - Test Project ID : 484]
		Test Case 'FP-1' has been executed on Build 't' in the Test Plan 'z'.
	[22/Aug/20 23:32:57][AUDIT][60jj4f705t8qul3ceb5o33c84b][GUI - Test Project ID : 484]
		Test Case 'FP-1' has been executed on Build 't' in the Test Plan 'z'.
	[22/Aug/20 23:33:13][AUDIT][60jj4f705t8qul3ceb5o33c84b][GUI - Test Project ID : 484]
		Bug '3' was added during execution
	[22/Aug/20 23:34:23][AUDIT][60jj4f705t8qul3ceb5o33c84b][GUI - Test Project ID : 484]
		Bug '' was added during execution
	[22/Aug/20 23:34:23][AUDIT][60jj4f705t8qul3ceb5o33c84b][GUI - Test Project ID : 484]
		Test Case 'FP-1' has been executed on Build 't' in the Test Plan 'z'.
	[22/Aug/20 23:40:09][AUDIT][60jj4f705t8qul3ceb5o33c84b][GUI - Test Project ID : 484]
		Test Case 'FP-1' has been executed on Build 't' in the Test Plan 'z'.
	[22/Aug/20 23:41:56][AUDIT][60jj4f705t8qul3ceb5o33c84b][GUI - Test Project ID : 484]
		Bug '' was added during execution
	[22/Aug/20 23:42:37][AUDIT][60jj4f705t8qul3ceb5o33c84b][GUI - Test Project ID : 484]
		Bug '' was added during execution
	[22/Aug/20 23:43:47][AUDIT][60jj4f705t8qul3ceb5o33c84b][GUI - Test Project ID : 484]
		Bug '' was added during execution
	[22/Aug/21 00:08:28][AUDIT][p41bmektcsjogh54vthndk56q7][GUI - Test Project ID : 484]
		Login for 'sebiboga' from '84.232.158.151' succeeded
	[22/Aug/21 00:09:38][AUDIT][p41bmektcsjogh54vthndk56q7][GUI - Test Project ID : 484]
		Test Case 'FP-1' has been executed on Build 't' in the Test Plan 'z'.
	[22/Aug/21 00:11:07][AUDIT][p41bmektcsjogh54vthndk56q7][GUI - Test Project ID : 484]
		Bug '' was added during execution
	[22/Aug/21 07:45:10][AUDIT][60jj4f705t8qul3ceb5o33c84b][GUI - Test Project ID : 484]
		Login for 'admin' from '84.232.158.151' succeeded
	[22/Aug/21 07:46:57][AUDIT][60jj4f705t8qul3ceb5o33c84b][GUI - Test Project ID : 484]
		User 'admin' deleted all events
	[22/Aug/21 08:37:20][AUDIT][60jj4f705t8qul3ceb5o33c84b][GUI - Test Project ID : 484]
		User 'admin' deleted all events
	[22/Aug/21 10:03:17][AUDIT][60jj4f705t8qul3ceb5o33c84b][GUI - Test Project ID : 484]
		Test Case 'FP-2 : cool' version 1 was added to Test Plan z
	[22/Aug/21 10:03:32][AUDIT][60jj4f705t8qul3ceb5o33c84b][GUI - Test Project ID : 484]
		Test Case 'FP-2' has been executed on Build 't' in the Test Plan 'z'.
	[22/Aug/21 10:14:05][AUDIT][60jj4f705t8qul3ceb5o33c84b][GUI - Test Project ID : 484]
		User 'admin' deleted all events
	[22/Aug/21 10:15:30][AUDIT][60jj4f705t8qul3ceb5o33c84b][GUI - Test Project ID : 484]
		Test Case 'FP-2' has been executed on Build 't' in the Test Plan 'z'.
	[22/Aug/21 10:16:10][AUDIT][60jj4f705t8qul3ceb5o33c84b][GUI - Test Project ID : 484]
		Test Case 'FP-2' has been executed on Build 't' in the Test Plan 'z'.
	[22/Aug/21 10:17:11][AUDIT][60jj4f705t8qul3ceb5o33c84b][GUI - Test Project ID : 484]
		Bug '' was added during execution
	[22/Aug/21 10:18:32][AUDIT][60jj4f705t8qul3ceb5o33c84b][GUI - Test Project ID : 484]
		Bug '9' was added during execution
	[22/Aug/21 10:19:59][AUDIT][60jj4f705t8qul3ceb5o33c84b][GUI - Test Project ID : 484]
		Logout of 'admin'
	[22/Aug/21 10:24:38][AUDIT][60jj4f705t8qul3ceb5o33c84b][GUI - Test Project ID : 484]
		Login for 'sebiboga' from '84.232.158.151' succeeded
	[22/Aug/21 10:30:27][AUDIT][60jj4f705t8qul3ceb5o33c84b][GUI - Test Project ID : 484]
		User 'sebiboga' deleted all events
	[22/Aug/21 10:35:38][AUDIT][j7vunlgp6dgkf6o8fa2deemd1b][GUI - Test Project ID : 484]
		Login for 'irina' from '82.76.139.97' succeeded
	[22/Aug/21 10:42:36][AUDIT][j7vunlgp6dgkf6o8fa2deemd1b][GUI - Test Project ID : 1]
		Test Case 'pp-52' has been executed on Build 'BETA' in the Test Plan 'BETA Delivery'.
	[22/Aug/21 10:44:53][AUDIT][j7vunlgp6dgkf6o8fa2deemd1b][GUI - Test Project ID : 1]
		Test Case 'pp-53' has been executed on Build 'BETA' in the Test Plan 'BETA Delivery'.
	[22/Aug/21 10:48:22][AUDIT][j7vunlgp6dgkf6o8fa2deemd1b][GUI - Test Project ID : 1]
		Test Case 'pp-54' has been executed on Build 'BETA' in the Test Plan 'BETA Delivery'.
	[22/Aug/21 10:53:09][AUDIT][j7vunlgp6dgkf6o8fa2deemd1b][GUI - Test Project ID : 1]
		Test Case 'pp-55' has been executed on Build 'BETA' in the Test Plan 'BETA Delivery'.
	[22/Aug/21 10:55:08][AUDIT][j7vunlgp6dgkf6o8fa2deemd1b][GUI - Test Project ID : 1]
		Test Case 'pp-47' has been executed on Build 'BETA' in the Test Plan 'BETA Delivery'.
	[22/Aug/21 10:55:31][AUDIT][j7vunlgp6dgkf6o8fa2deemd1b][GUI - Test Project ID : 1]
		Test Case 'pp-45' has been executed on Build 'BETA' in the Test Plan 'BETA Delivery'.
	[22/Aug/21 10:57:08][AUDIT][j7vunlgp6dgkf6o8fa2deemd1b][GUI - Test Project ID : 1]
		Test Case 'pp-40' has been executed on Build 'BETA' in the Test Plan 'BETA Delivery'.
	[22/Aug/21 10:59:52][AUDIT][j7vunlgp6dgkf6o8fa2deemd1b][GUI - Test Project ID : 1]
		Test Case 'pp-39' has been executed on Build 'BETA' in the Test Plan 'BETA Delivery'.
	[22/Aug/21 11:00:51][AUDIT][j7vunlgp6dgkf6o8fa2deemd1b][GUI - Test Project ID : 1]
		Test Case 'pp-50' has been executed on Build 'BETA' in the Test Plan 'BETA Delivery'.
	[22/Aug/21 11:01:18][AUDIT][j7vunlgp6dgkf6o8fa2deemd1b][GUI - Test Project ID : 1]
		Test Case 'pp-59' has been executed on Build 'BETA' in the Test Plan 'BETA Delivery'.
	[22/Aug/21 11:03:56][AUDIT][j7vunlgp6dgkf6o8fa2deemd1b][GUI - Test Project ID : 1]
		Test Case 'pp-61' has been executed on Build 'BETA' in the Test Plan 'BETA Delivery'.
	[22/Aug/21 11:08:11][AUDIT][j7vunlgp6dgkf6o8fa2deemd1b][GUI - Test Project ID : 1]
		Test Case 'pp-36' has been executed on Build 'BETA' in the Test Plan 'BETA Delivery'.
	[22/Aug/21 11:18:18][AUDIT][j7vunlgp6dgkf6o8fa2deemd1b][GUI - Test Project ID : 1]
		Test Case 'pp-62' has been executed on Build 'BETA' in the Test Plan 'BETA Delivery'.
	[22/Aug/21 11:18:47][AUDIT][j7vunlgp6dgkf6o8fa2deemd1b][GUI - Test Project ID : 1]
		Test Case 'pp-63' has been executed on Build 'BETA' in the Test Plan 'BETA Delivery'.
	[22/Aug/21 11:37:14][AUDIT][j7vunlgp6dgkf6o8fa2deemd1b][GUI - Test Project ID : 1]
		Test Case 'pp-66' has been executed on Build 'BETA' in the Test Plan 'BETA Delivery'.
	[22/Aug/21 12:11:22][AUDIT][60jj4f705t8qul3ceb5o33c84b][GUI - Test Project ID : 484]
		Bug '' was added during execution
	[22/Aug/21 12:12:58][AUDIT][60jj4f705t8qul3ceb5o33c84b][GUI - Test Project ID : 484]
		Bug '' was added during execution
	[22/Aug/21 12:14:43][AUDIT][60jj4f705t8qul3ceb5o33c84b][GUI - Test Project ID : 484]
		An execution of Test Case 'FP-2' on Build 't' in the Test Plan 'z' has been deleted.
	[22/Aug/21 12:14:49][AUDIT][60jj4f705t8qul3ceb5o33c84b][GUI - Test Project ID : 484]
		An execution of Test Case 'FP-2' on Build 't' in the Test Plan 'z' has been deleted.
	[22/Aug/21 12:14:59][AUDIT][60jj4f705t8qul3ceb5o33c84b][GUI - Test Project ID : 484]
		An execution of Test Case 'FP-2' on Build 't' in the Test Plan 'z' has been deleted.
	[22/Aug/21 12:15:09][AUDIT][60jj4f705t8qul3ceb5o33c84b][GUI - Test Project ID : 484]
		Test Case 'FP-2' has been executed on Build 't' in the Test Plan 'z'.
	[22/Aug/21 12:15:37][AUDIT][60jj4f705t8qul3ceb5o33c84b][GUI - Test Project ID : 484]
		Bug '' was added during execution
	[22/Aug/21 12:24:13][AUDIT][60jj4f705t8qul3ceb5o33c84b][GUI - Test Project ID : 484]
		Bug '' was added during execution
	[22/Aug/21 12:25:03][AUDIT][60jj4f705t8qul3ceb5o33c84b][GUI - Test Project ID : 484]
		Bug '' was added during execution
	[22/Aug/21 12:26:46][AUDIT][60jj4f705t8qul3ceb5o33c84b][GUI - Test Project ID : 484]
		Login for 'admin' from '84.232.158.151' succeeded
	[22/Aug/21 14:33:31][AUDIT][c9iu2onn5l6n02dvjf3pc5fqoh][GUI - Test Project ID : 484]
		Login for 'admin' from '84.232.158.151' succeeded
	[22/Aug/21 14:34:09][AUDIT][c9iu2onn5l6n02dvjf3pc5fqoh][GUI - Test Project ID : 484]
		An execution of Test Case 'FP-2' on Build 't' in the Test Plan 'z' has been deleted.
	[22/Aug/21 14:34:13][AUDIT][c9iu2onn5l6n02dvjf3pc5fqoh][GUI - Test Project ID : 484]
		Test Case 'FP-2' has been executed on Build 't' in the Test Plan 'z'.
	[22/Aug/21 14:34:27][AUDIT][c9iu2onn5l6n02dvjf3pc5fqoh][GUI - Test Project ID : 484]
		Bug '9' was added during execution
	[22/Aug/21 14:35:56][AUDIT][c9iu2onn5l6n02dvjf3pc5fqoh][GUI - Test Project ID : 484]
		Bug '9' was added during execution
	[22/Aug/21 14:38:54][AUDIT][c9iu2onn5l6n02dvjf3pc5fqoh][GUI - Test Project ID : 484]
		Bug '9' was added during execution
	[22/Aug/21 14:40:22][AUDIT][c9iu2onn5l6n02dvjf3pc5fqoh][GUI - Test Project ID : 484]
		An execution of Test Case 'FP-2' on Build 't' in the Test Plan 'z' has been deleted.
	[22/Aug/21 14:40:25][AUDIT][c9iu2onn5l6n02dvjf3pc5fqoh][GUI - Test Project ID : 484]
		Test Case 'FP-2' has been executed on Build 't' in the Test Plan 'z'.
	[22/Aug/21 14:40:32][AUDIT][c9iu2onn5l6n02dvjf3pc5fqoh][GUI - Test Project ID : 484]
		Test Case 'FP-2' has been executed on Build 't' in the Test Plan 'z'.
	[22/Aug/21 14:40:36][AUDIT][c9iu2onn5l6n02dvjf3pc5fqoh][GUI - Test Project ID : 484]
		Test Case 'FP-2' has been executed on Build 't' in the Test Plan 'z'.
	[22/Aug/21 14:40:47][AUDIT][c9iu2onn5l6n02dvjf3pc5fqoh][GUI - Test Project ID : 484]
		An execution of Test Case 'FP-2' on Build 't' in the Test Plan 'z' has been deleted.
	[22/Aug/21 14:40:56][AUDIT][c9iu2onn5l6n02dvjf3pc5fqoh][GUI - Test Project ID : 484]
		An execution of Test Case 'FP-2' on Build 't' in the Test Plan 'z' has been deleted.
	[22/Aug/21 14:41:05][AUDIT][c9iu2onn5l6n02dvjf3pc5fqoh][GUI - Test Project ID : 484]
		An execution of Test Case 'FP-2' on Build 't' in the Test Plan 'z' has been deleted.
	[22/Aug/21 14:41:22][AUDIT][c9iu2onn5l6n02dvjf3pc5fqoh][GUI - Test Project ID : 484]
		Test Case 'FP-2' has been executed on Build 't' in the Test Plan 'z'.
	[22/Aug/21 14:43:39][AUDIT][c9iu2onn5l6n02dvjf3pc5fqoh][GUI - Test Project ID : 484]
		Bug '10' was added during execution
	[22/Aug/21 14:44:23][AUDIT][c9iu2onn5l6n02dvjf3pc5fqoh][GUI - Test Project ID : 484]
		Bug '11' was added during execution
	[22/Aug/21 15:18:46][AUDIT][c9iu2onn5l6n02dvjf3pc5fqoh][GUI - Test Project ID : 484]
		Bug '9' was added during execution
	[22/Aug/21 15:20:07][AUDIT][c9iu2onn5l6n02dvjf3pc5fqoh][GUI - Test Project ID : 484]
		Login for 'admin' from '84.232.158.151' succeeded
	[22/Aug/21 15:20:46][AUDIT][c9iu2onn5l6n02dvjf3pc5fqoh][GUI - Test Project ID : 484]
		Bug '' was added during execution
	[22/Aug/21 15:20:46][AUDIT][c9iu2onn5l6n02dvjf3pc5fqoh][GUI - Test Project ID : 484]
		Test Case 'FP-2' has been executed on Build 't' in the Test Plan 'z'.
	[22/Aug/21 15:46:43][AUDIT][c9iu2onn5l6n02dvjf3pc5fqoh][GUI - Test Project ID : 484]
		Bug '1345522721' was added during execution
	[22/Aug/21 15:51:54][AUDIT][c9iu2onn5l6n02dvjf3pc5fqoh][GUI - Test Project ID : 484]
		Bug '23' was added during execution
	[22/Aug/21 15:56:26][AUDIT][c9iu2onn5l6n02dvjf3pc5fqoh][GUI - Test Project ID : 484]
		Login for 'admin' from '84.232.158.151' succeeded
	[22/Aug/21 15:56:37][AUDIT][c9iu2onn5l6n02dvjf3pc5fqoh][GUI - Test Project ID : 484]
		An execution of Test Case 'FP-2' on Build 't' in the Test Plan 'z' has been deleted.
	[22/Aug/21 15:56:44][AUDIT][c9iu2onn5l6n02dvjf3pc5fqoh][GUI - Test Project ID : 484]
		Bug '10' was deleted from execution with id: 88 of Test Case: cool from Test Project: Future Project - Test Plan: z - Build: t
	[22/Aug/21 15:56:50][AUDIT][c9iu2onn5l6n02dvjf3pc5fqoh][GUI - Test Project ID : 484]
		Bug '11' was deleted from execution with id: 88 of Test Case: cool from Test Project: Future Project - Test Plan: z - Build: t
	[22/Aug/21 15:56:54][AUDIT][c9iu2onn5l6n02dvjf3pc5fqoh][GUI - Test Project ID : 484]
		Bug '9' was deleted from execution with id: 88 of Test Case: cool from Test Project: Future Project - Test Plan: z - Build: t
	[22/Aug/21 15:56:57][AUDIT][c9iu2onn5l6n02dvjf3pc5fqoh][GUI - Test Project ID : 484]
		An execution of Test Case 'FP-2' on Build 't' in the Test Plan 'z' has been deleted.
	[22/Aug/21 15:57:05][AUDIT][c9iu2onn5l6n02dvjf3pc5fqoh][GUI - Test Project ID : 484]
		Test Case 'FP-2' has been executed on Build 't' in the Test Plan 'z'.
	[22/Aug/21 15:57:35][AUDIT][c9iu2onn5l6n02dvjf3pc5fqoh][GUI - Test Project ID : 484]
		Bug '24' was added during execution
	[22/Aug/21 15:58:34][AUDIT][c9iu2onn5l6n02dvjf3pc5fqoh][GUI - Test Project ID : 484]
		Login for 'admin' from '84.232.158.151' succeeded
	[22/Aug/21 15:59:36][AUDIT][c9iu2onn5l6n02dvjf3pc5fqoh][GUI - Test Project ID : 484]
		Bug '25' was added during execution
	[22/Aug/21 15:59:36][AUDIT][c9iu2onn5l6n02dvjf3pc5fqoh][GUI - Test Project ID : 484]
		Test Case 'FP-2' has been executed on Build 't' in the Test Plan 'z'.
	[22/Aug/21 16:00:22][AUDIT][c9iu2onn5l6n02dvjf3pc5fqoh][GUI - Test Project ID : 484]
		Bug '25' was added during execution
	[22/Aug/21 16:00:55][AUDIT][c9iu2onn5l6n02dvjf3pc5fqoh][GUI - Test Project ID : 484]
		Bug '10' was added during execution
	[22/Aug/21 16:03:02][AUDIT][c9iu2onn5l6n02dvjf3pc5fqoh][GUI - Test Project ID : 484]
		Bug '10' was added during execution
	[22/Aug/21 16:05:47][AUDIT][c9iu2onn5l6n02dvjf3pc5fqoh][GUI - Test Project ID : 484]
		Login for 'admin' from '84.232.158.151' succeeded
	[22/Aug/21 16:06:44][AUDIT][c9iu2onn5l6n02dvjf3pc5fqoh][GUI - Test Project ID : 484]
		Bug '10' was deleted from execution with id: 91 of Test Case: cool from Test Project: Future Project - Test Plan: z - Build: t
	[22/Aug/21 16:07:45][AUDIT][c9iu2onn5l6n02dvjf3pc5fqoh][GUI - Test Project ID : 484]
		An execution of Test Case 'FP-2' on Build 't' in the Test Plan 'z' has been deleted.
	[22/Aug/21 16:07:48][AUDIT][c9iu2onn5l6n02dvjf3pc5fqoh][GUI - Test Project ID : 484]
		An execution of Test Case 'FP-2' on Build 't' in the Test Plan 'z' has been deleted.
	[22/Aug/21 16:07:57][AUDIT][c9iu2onn5l6n02dvjf3pc5fqoh][GUI - Test Project ID : 484]
		An execution of Test Case 'FP-1' on Build 't' in the Test Plan 'z' has been deleted.
	[22/Aug/21 16:08:06][AUDIT][c9iu2onn5l6n02dvjf3pc5fqoh][GUI - Test Project ID : 484]
		An execution of Test Case 'FP-1' on Build 't' in the Test Plan 'z' has been deleted.
	[22/Aug/21 16:08:09][AUDIT][c9iu2onn5l6n02dvjf3pc5fqoh][GUI - Test Project ID : 484]
		An execution of Test Case 'FP-1' on Build 't' in the Test Plan 'z' has been deleted.
	[22/Aug/21 16:08:14][AUDIT][c9iu2onn5l6n02dvjf3pc5fqoh][GUI - Test Project ID : 484]
		An execution of Test Case 'FP-1' on Build 't' in the Test Plan 'z' has been deleted.
	[22/Aug/21 16:08:17][AUDIT][c9iu2onn5l6n02dvjf3pc5fqoh][GUI - Test Project ID : 484]
		An execution of Test Case 'FP-1' on Build 't' in the Test Plan 'z' has been deleted.
	[22/Aug/21 16:08:22][AUDIT][c9iu2onn5l6n02dvjf3pc5fqoh][GUI - Test Project ID : 484]
		An execution of Test Case 'FP-1' on Build 't' in the Test Plan 'z' has been deleted.
	[22/Aug/21 16:08:26][AUDIT][c9iu2onn5l6n02dvjf3pc5fqoh][GUI - Test Project ID : 484]
		An execution of Test Case 'FP-1' on Build 't' in the Test Plan 'z' has been deleted.
	[22/Aug/21 16:08:30][AUDIT][c9iu2onn5l6n02dvjf3pc5fqoh][GUI - Test Project ID : 484]
		An execution of Test Case 'FP-1' on Build 't' in the Test Plan 'z' has been deleted.
	[22/Aug/21 16:10:05][AUDIT][c9iu2onn5l6n02dvjf3pc5fqoh][GUI - Test Project ID : 484]
		All user roles were unassigned from the Test Plan 'z'
	[22/Aug/21 16:10:05][AUDIT][c9iu2onn5l6n02dvjf3pc5fqoh][GUI - Test Project ID : 484]
		All user roles were unassigned from the Test Project with id 'Future Project'
	[22/Aug/21 16:10:05][AUDIT][c9iu2onn5l6n02dvjf3pc5fqoh][GUI]
		Test Project 'Future Project' was deleted
