	[16/Feb/24 08:25:34][AUDIT][4inpv8utgti1g3oaae5fpc8nl5][GUI]
		Login for 'lejo' from '::1' succeeded
[<<][56cd68fe4a772102999367][DEFAULT][/testlinkPrefixTest/login.php][16/Feb/24 08:25:34][16/Feb/24 08:25:34][took 0.016011 secs]
[<<][56cd68fe5dc41477486191][DEFAULT][/testlinkPrefixTest/index.php][16/Feb/24 08:25:34][16/Feb/24 08:25:34][took 0.068048 secs]
[>>][56cd68fe6e9f9197649852][DEFAULT][/testlinkPrefixTest/index.php][16/Feb/24 08:25:34]
[<<][56cd68fe6e9f9197649852][DEFAULT][/testlinkPrefixTest/index.php][16/Feb/24 08:25:34][16/Feb/24 08:25:34][took 0.006005 secs]
[<<][56cd68fe80b3d094001006][DEFAULT][/testlinkPrefixTest/lib/general/mainPage.php][16/Feb/24 08:25:34][16/Feb/24 08:25:34][took 0.080056 secs]
[>>][56cd68fe943f5761983045][DEFAULT][/testlinkPrefixTest/lib/general/mainPage.php][16/Feb/24 08:25:34]
[<<][56cd68fe943f5761983045][DEFAULT][/testlinkPrefixTest/lib/general/mainPage.php][16/Feb/24 08:25:34][16/Feb/24 08:25:34][took 0.044031 secs]
[<<][56cd68fe816f7592350174][DEFAULT][/testlinkPrefixTest/lib/general/navBar.php][16/Feb/24 08:25:34][16/Feb/24 08:25:34][took 0.160112 secs]
[>>][56cd68fea9039388552437][DEFAULT][/testlinkPrefixTest/lib/general/navBar.php][16/Feb/24 08:25:34]
[<<][56cd68fea9039388552437][DEFAULT][/testlinkPrefixTest/lib/general/navBar.php][16/Feb/24 08:25:34][16/Feb/24 08:25:34][took 0.034024 secs]
[<<][56cd69011a1da995550044][DEFAULT][/lib/general/frmWorkArea.php][16/Feb/24 08:25:37][16/Feb/24 08:25:37][took 0.07105 secs]
[>>][56cd69012bb4c934933460][DEFAULT][/lib/general/frmWorkArea.php][16/Feb/24 08:25:37]
[<<][56cd69012bb4c934933460][DEFAULT][/lib/general/frmWorkArea.php][16/Feb/24 08:25:37][16/Feb/24 08:25:37][took 0.007005 secs]
[<<][56cd69013bd4a203882259][DEFAULT][/lib/project/project_req_spec_mgmt.php][16/Feb/24 08:25:37][16/Feb/24 08:25:37][took 0.083058 secs]
[>>][56cd69015098e186745243][DEFAULT][/lib/project/project_req_spec_mgmt.php][16/Feb/24 08:25:37]
[<<][56cd69015098e186745243][DEFAULT][/lib/project/project_req_spec_mgmt.php][16/Feb/24 08:25:37][16/Feb/24 08:25:37][took 0.006004 secs]
[<<][56cd69013bd4a143281494][DEFAULT][/lib/requirements/reqSpecListTree.php][16/Feb/24 08:25:37][16/Feb/24 08:25:37][took 0.111078 secs]
[>>][56cd690157702056190586][DEFAULT][/lib/requirements/reqSpecListTree.php][16/Feb/24 08:25:37]
	[16/Feb/24 08:25:37][L18N][4inpv8utgti1g3oaae5fpc8nl5][GUI]
		string 'hint_list_of_bugs' is not localized for locale 'de_DE'  - using en_GB
	[16/Feb/24 08:25:37][L18N][4inpv8utgti1g3oaae5fpc8nl5][GUI]
		string 'bugs_on_context' is not localized for locale 'de_DE'  - using en_GB
	[16/Feb/24 08:25:37][L18N][4inpv8utgti1g3oaae5fpc8nl5][GUI]
		string 'tester_works_with_settings' is not localized for locale 'de_DE'  - using en_GB
[<<][56cd690157702056190586][DEFAULT][/lib/requirements/reqSpecListTree.php][16/Feb/24 08:25:37][16/Feb/24 08:25:37][took 0.060042 secs]
[<<][56cd69018d6e4578870274][DEFAULT][/lib/ajax/getrequirementnodes.php][16/Feb/24 08:25:37][16/Feb/24 08:25:37][took 0.067047 secs]
[>>][56cd69019dccb732663971][DEFAULT][/lib/ajax/getrequirementnodes.php][16/Feb/24 08:25:37]
[<<][56cd69019dccb732663971][DEFAULT][/lib/ajax/getrequirementnodes.php][16/Feb/24 08:25:37][16/Feb/24 08:25:37][took 0.0080049999999999 secs]
[<<][56cd6901b213d246850456][DEFAULT][/lib/ajax/getrequirementnodes.php][16/Feb/24 08:25:37][16/Feb/24 08:25:37][took 0.068048 secs]
[>>][56cd6901c32de043752548][DEFAULT][/lib/ajax/getrequirementnodes.php][16/Feb/24 08:25:37]
[<<][56cd6901c32de043752548][DEFAULT][/lib/ajax/getrequirementnodes.php][16/Feb/24 08:25:37][16/Feb/24 08:25:37][took 0.007005 secs]
[<<][56cd6903676a6817660661][DEFAULT][/lib/requirements/reqView.php][16/Feb/24 08:25:39][16/Feb/24 08:25:39][took 0.079055 secs]
[>>][56cd69037af5e423933983][DEFAULT][/lib/requirements/reqView.php][16/Feb/24 08:25:39]
	[16/Feb/24 08:25:39][L18N][4inpv8utgti1g3oaae5fpc8nl5][GUI]
		string 'click_to_get_attachment' is not localized for locale 'de_DE'  - using en_GB
	[16/Feb/24 08:25:39][L18N][4inpv8utgti1g3oaae5fpc8nl5][GUI]
		string 'display_inline' is not localized for locale 'de_DE'  - using en_GB
	[16/Feb/24 08:25:39][L18N][4inpv8utgti1g3oaae5fpc8nl5][GUI]
		string 'display_ea_string' is not localized for locale 'de_DE'  - using en_GB
	[16/Feb/24 08:25:39][L18N][4inpv8utgti1g3oaae5fpc8nl5][GUI]
		string 'display_inline_string' is not localized for locale 'de_DE'  - using en_GB
[<<][56cd69037af5e423933983][DEFAULT][/lib/requirements/reqView.php][16/Feb/24 08:25:39][16/Feb/24 08:25:39][took 0.090063 secs]
[<<][56cd690a506cd556937926][DEFAULT][/lib/requirements/reqView.php][16/Feb/24 08:25:46][16/Feb/24 08:25:46][took 0.083058 secs]
[>>][56cd690a64f28188187053][DEFAULT][/lib/requirements/reqView.php][16/Feb/24 08:25:46]
[<<][56cd690a64f28188187053][DEFAULT][/lib/requirements/reqView.php][16/Feb/24 08:25:46][16/Feb/24 08:25:46][took 0.087061 secs]
[<<][56cd691059063557993357][DEFAULT][/lib/requirements/reqEdit.php][16/Feb/24 08:25:52][16/Feb/24 08:25:52][took 0.085059 secs]
[>>][56cd69106e08f961052340][DEFAULT][/lib/requirements/reqEdit.php][16/Feb/24 08:25:52]
	[16/Feb/24 08:25:52][L18N][4inpv8utgti1g3oaae5fpc8nl5][GUI]
		string 'update_hint' is not localized for locale 'de_DE'  - using en_GB
[<<][56cd69106e08f961052340][DEFAULT][/lib/requirements/reqEdit.php][16/Feb/24 08:25:52][16/Feb/24 08:25:52][took 0.054038 secs]
[<<][56cd691a3f9d5875686159][DEFAULT][/testlinkPrefixTest/login.php][16/Feb/24 08:26:02][16/Feb/24 08:26:02][took 0.07205 secs]
[>>][56cd691a51730758199418][DEFAULT][/testlinkPrefixTest/login.php][16/Feb/24 08:26:02]
[<<][56cd691a51730758199418][DEFAULT][/testlinkPrefixTest/login.php][16/Feb/24 08:26:02][16/Feb/24 08:26:02][took 0.004003 secs]
[<<][56cd691a64fe8674902959][DEFAULT][/lib/requirements/reqEdit.php][16/Feb/24 08:26:02][16/Feb/24 08:26:02][took 0.076053 secs]
[>>][56cd691a77ce6938644924][DEFAULT][/lib/requirements/reqEdit.php][16/Feb/24 08:26:02]
[<<][56cd691a77ce6938644924][DEFAULT][/lib/requirements/reqEdit.php][16/Feb/24 08:26:02][16/Feb/24 08:26:02][took 0.052036 secs]
[<<][56cd6925b21f4115239802][DEFAULT][/lib/requirements/reqEdit.php][16/Feb/24 08:26:13][16/Feb/24 08:26:13][took 0.084059 secs]
[>>][56cd6925c7220604593076][DEFAULT][/lib/requirements/reqEdit.php][16/Feb/24 08:26:13]
	[16/Feb/24 08:26:13][WARNING][4inpv8utgti1g3oaae5fpc8nl5][GUI]
		E_WARNING
Invalid argument supplied for foreach() - in C:\xampp\htdocs\testlinkPrefixTest\lib\functions\requirement_mgr.class.php - Line 4090
	[16/Feb/24 08:26:13][WARNING][4inpv8utgti1g3oaae5fpc8nl5][GUI]
		E_WARNING
Invalid argument supplied for foreach() - in C:\xampp\htdocs\testlinkPrefixTest\lib\functions\requirement_mgr.class.php - Line 4112
	[16/Feb/24 08:26:13][WARNING][4inpv8utgti1g3oaae5fpc8nl5][GUI]
		E_NOTICE
Undefined variable: transformedResults - in C:\xampp\htdocs\testlinkPrefixTest\lib\functions\requirement_mgr.class.php - Line 4129
	[16/Feb/24 08:26:13][WARNING][4inpv8utgti1g3oaae5fpc8nl5][GUI]
		E_STRICT
Only variables should be passed by reference - in C:\xampp\htdocs\testlinkPrefixTest\lib\requirements\reqCommands.class.php - Line 1023
	[16/Feb/24 08:26:13][WARNING][4inpv8utgti1g3oaae5fpc8nl5][GUI]
		E_WARNING
Invalid argument supplied for foreach() - in C:\xampp\htdocs\testlinkPrefixTest\lib\requirements\reqCommands.class.php - Line 1028
	[16/Feb/24 08:26:15][AUDIT][4inpv8utgti1g3oaae5fpc8nl5][GUI]
		Requirement '1.1' was saved
[<<][56cd6925c7220604593076][DEFAULT][/lib/requirements/reqEdit.php][16/Feb/24 08:26:13][16/Feb/24 08:26:15][took 1.322925 secs]
[<<][56cd69272b9a9675364405][DEFAULT][/lib/requirements/reqView.php][16/Feb/24 08:26:15][16/Feb/24 08:26:15][took 0.072051 secs]
[>>][56cd69273d31c155743698][DEFAULT][/lib/requirements/reqView.php][16/Feb/24 08:26:15]
[<<][56cd69273d31c155743698][DEFAULT][/lib/requirements/reqView.php][16/Feb/24 08:26:15][16/Feb/24 08:26:15][took 0.077054 secs]
[<<][56cd692785c14668927684][DEFAULT][/lib/requirements/reqSpecListTree.php][16/Feb/24 08:26:15][16/Feb/24 08:26:15][took 0.084058 secs]
[>>][56cd69279a46e906908701][DEFAULT][/lib/requirements/reqSpecListTree.php][16/Feb/24 08:26:15]
[<<][56cd69279a46e906908701][DEFAULT][/lib/requirements/reqSpecListTree.php][16/Feb/24 08:26:15][16/Feb/24 08:26:15][took 0.034024 secs]
[<<][56cd6927dbff3880754386][DEFAULT][/lib/ajax/getrequirementnodes.php][16/Feb/24 08:26:15][16/Feb/24 08:26:15][took 0.077054 secs]
[>>][56cd6927ef0d9980356982][DEFAULT][/lib/ajax/getrequirementnodes.php][16/Feb/24 08:26:15]
[<<][56cd6927ef0d9980356982][DEFAULT][/lib/ajax/getrequirementnodes.php][16/Feb/24 08:26:15][16/Feb/24 08:26:15][took 0.007005 secs]
[<<][56cd69280b480952391000][DEFAULT][/lib/ajax/getrequirementnodes.php][16/Feb/24 08:26:16][16/Feb/24 08:26:16][took 0.075052 secs]
[>>][56cd69281e17e555889279][DEFAULT][/lib/ajax/getrequirementnodes.php][16/Feb/24 08:26:16]
[<<][56cd69281e17e555889279][DEFAULT][/lib/ajax/getrequirementnodes.php][16/Feb/24 08:26:16][16/Feb/24 08:26:16][took 0.007005 secs]
[<<][56cd6b4cabd95057349687][DEFAULT][/testlinkPrefixTest/index.php][16/Feb/24 08:35:24][16/Feb/24 08:35:24][took 0.066006 secs]
[>>][56cd6b4cbbf6b852525139][DEFAULT][/testlinkPrefixTest/index.php][16/Feb/24 08:35:24]
[<<][56cd6b4cbbf6b852525139][DEFAULT][/testlinkPrefixTest/index.php][16/Feb/24 08:35:24][16/Feb/24 08:35:24][took 0.005001 secs]
[<<][56cd6b4cd2ea5007332561][DEFAULT][/testlinkPrefixTest/lib/general/navBar.php][16/Feb/24 08:35:24][16/Feb/24 08:35:24][took 0.076007 secs]
[>>][56cd6b4ce5b74493459706][DEFAULT][/testlinkPrefixTest/lib/general/navBar.php][16/Feb/24 08:35:24]
[<<][56cd6b4ce5b74493459706][DEFAULT][/testlinkPrefixTest/lib/general/navBar.php][16/Feb/24 08:35:24][16/Feb/24 08:35:24][took 0.023002 secs]
[<<][56cd6b4cd4de6000382143][DEFAULT][/testlinkPrefixTest/lib/general/mainPage.php][16/Feb/24 08:35:24][16/Feb/24 08:35:25][took 0.131013 secs]
[>>][56cd6b4d00b6b566330562][DEFAULT][/testlinkPrefixTest/lib/general/mainPage.php][16/Feb/24 08:35:25]
[<<][56cd6b4d00b6b566330562][DEFAULT][/testlinkPrefixTest/lib/general/mainPage.php][16/Feb/24 08:35:25][16/Feb/24 08:35:25][took 0.037003 secs]
[<<][56cd6b4ec9ee1743696147][DEFAULT][/lib/general/frmWorkArea.php][16/Feb/24 08:35:26][16/Feb/24 08:35:26][took 0.081008 secs]
[>>][56cd6b4eddf39605349170][DEFAULT][/lib/general/frmWorkArea.php][16/Feb/24 08:35:26]
[<<][56cd6b4eddf39605349170][DEFAULT][/lib/general/frmWorkArea.php][16/Feb/24 08:35:26][16/Feb/24 08:35:26][took 0.005001 secs]
[<<][56cd6b4eecd87665316949][DEFAULT][/lib/project/project_req_spec_mgmt.php][16/Feb/24 08:35:26][16/Feb/24 08:35:27][took 0.080008 secs]
[>>][56cd6b4f0c7b7924823846][DEFAULT][/lib/project/project_req_spec_mgmt.php][16/Feb/24 08:35:27]
[<<][56cd6b4f0c7b7924823846][DEFAULT][/lib/project/project_req_spec_mgmt.php][16/Feb/24 08:35:27][16/Feb/24 08:35:27][took 0.007001 secs]
[<<][56cd6b4eecd87538127665][DEFAULT][/lib/requirements/reqSpecListTree.php][16/Feb/24 08:35:26][16/Feb/24 08:35:27][took 0.114012 secs]
[>>][56cd6b4f14c8b218685963][DEFAULT][/lib/requirements/reqSpecListTree.php][16/Feb/24 08:35:27]
[<<][56cd6b4f14c8b218685963][DEFAULT][/lib/requirements/reqSpecListTree.php][16/Feb/24 08:35:27][16/Feb/24 08:35:27][took 0.047005 secs]
[<<][56cd6b4f4c742347282042][DEFAULT][/lib/ajax/getrequirementnodes.php][16/Feb/24 08:35:27][16/Feb/24 08:35:27][took 0.077007 secs]
[>>][56cd6b4f5fbe2164084196][DEFAULT][/lib/ajax/getrequirementnodes.php][16/Feb/24 08:35:27]
[<<][56cd6b4f5fbe2164084196][DEFAULT][/lib/ajax/getrequirementnodes.php][16/Feb/24 08:35:27][16/Feb/24 08:35:27][took 0.008 secs]
[<<][56cd6b4f70d59298603266][DEFAULT][/lib/ajax/getrequirementnodes.php][16/Feb/24 08:35:27][16/Feb/24 08:35:27][took 0.067006 secs]
[>>][56cd6b4f816ff667603184][DEFAULT][/lib/ajax/getrequirementnodes.php][16/Feb/24 08:35:27]
[<<][56cd6b4f816ff667603184][DEFAULT][/lib/ajax/getrequirementnodes.php][16/Feb/24 08:35:27][16/Feb/24 08:35:27][took 0.006001 secs]
[<<][56cd6b508c348769048791][DEFAULT][/lib/requirements/reqView.php][16/Feb/24 08:35:28][16/Feb/24 08:35:28][took 0.069007 secs]
[>>][56cd6b509d4bf409987728][DEFAULT][/lib/requirements/reqView.php][16/Feb/24 08:35:28]
[<<][56cd6b509d4bf409987728][DEFAULT][/lib/requirements/reqView.php][16/Feb/24 08:35:28][16/Feb/24 08:35:28][took 0.076007 secs]
[<<][56cd6b55031b4203754300][DEFAULT][/lib/requirements/reqEdit.php][16/Feb/24 08:35:33][16/Feb/24 08:35:33][took 0.078007 secs]
[>>][56cd6b5516653133486394][DEFAULT][/lib/requirements/reqEdit.php][16/Feb/24 08:35:33]
[<<][56cd6b5516653133486394][DEFAULT][/lib/requirements/reqEdit.php][16/Feb/24 08:35:33][16/Feb/24 08:35:33][took 0.048005 secs]
[<<][56cd6b5d349f8527025880][DEFAULT][/testlinkPrefixTest/login.php][16/Feb/24 08:35:41][16/Feb/24 08:35:41][took 0.067007 secs]
[>>][56cd6b5d45787866861316][DEFAULT][/testlinkPrefixTest/login.php][16/Feb/24 08:35:41]
[<<][56cd6b5d45787866861316][DEFAULT][/testlinkPrefixTest/login.php][16/Feb/24 08:35:41][16/Feb/24 08:35:41][took 0.004 secs]
[<<][56cd6b5d574b6015338931][DEFAULT][/lib/requirements/reqEdit.php][16/Feb/24 08:35:41][16/Feb/24 08:35:41][took 0.071007 secs]
[>>][56cd6b5d68dfd046207313][DEFAULT][/lib/requirements/reqEdit.php][16/Feb/24 08:35:41]
[<<][56cd6b5d68dfd046207313][DEFAULT][/lib/requirements/reqEdit.php][16/Feb/24 08:35:41][16/Feb/24 08:35:41][took 0.053005 secs]
[<<][56cd6b61566a6534211903][DEFAULT][/lib/requirements/reqEdit.php][16/Feb/24 08:35:45][16/Feb/24 08:35:45][took 0.074007 secs]
[>>][56cd6b6168f8d295723950][DEFAULT][/lib/requirements/reqEdit.php][16/Feb/24 08:35:45]
	[16/Feb/24 08:35:45][WARNING][4inpv8utgti1g3oaae5fpc8nl5][GUI]
		E_WARNING
Invalid argument supplied for foreach() - in C:\xampp\htdocs\testlinkPrefixTest\lib\functions\requirement_mgr.class.php - Line 4090
	[16/Feb/24 08:35:45][WARNING][4inpv8utgti1g3oaae5fpc8nl5][GUI]
		E_WARNING
Invalid argument supplied for foreach() - in C:\xampp\htdocs\testlinkPrefixTest\lib\functions\requirement_mgr.class.php - Line 4112
	[16/Feb/24 08:35:45][WARNING][4inpv8utgti1g3oaae5fpc8nl5][GUI]
		E_NOTICE
Undefined variable: transformedResults - in C:\xampp\htdocs\testlinkPrefixTest\lib\functions\requirement_mgr.class.php - Line 4129
	[16/Feb/24 08:35:45][WARNING][4inpv8utgti1g3oaae5fpc8nl5][GUI]
		E_STRICT
Only variables should be passed by reference - in C:\xampp\htdocs\testlinkPrefixTest\lib\requirements\reqCommands.class.php - Line 1023
	[16/Feb/24 08:35:45][WARNING][4inpv8utgti1g3oaae5fpc8nl5][GUI]
		E_WARNING
Invalid argument supplied for foreach() - in C:\xampp\htdocs\testlinkPrefixTest\lib\requirements\reqCommands.class.php - Line 1028
	[16/Feb/24 08:35:46][AUDIT][4inpv8utgti1g3oaae5fpc8nl5][GUI]
		Requirement '1.1' was saved
[<<][56cd6b6168f8d295723950][DEFAULT][/lib/requirements/reqEdit.php][16/Feb/24 08:35:45][16/Feb/24 08:35:46][took 1.224123 secs]
[<<][56cd6b62a83c3644129936][DEFAULT][/lib/requirements/reqView.php][16/Feb/24 08:35:46][16/Feb/24 08:35:46][took 0.077008 secs]
[>>][56cd6b62bb863876296982][DEFAULT][/lib/requirements/reqView.php][16/Feb/24 08:35:46]
[<<][56cd6b62bb863876296982][DEFAULT][/lib/requirements/reqView.php][16/Feb/24 08:35:46][16/Feb/24 08:35:46][took 0.071007 secs]
[<<][56cd6b62f2379878515719][DEFAULT][/lib/requirements/reqSpecListTree.php][16/Feb/24 08:35:46][16/Feb/24 08:35:47][took 0.080008 secs]
[>>][56cd6b6311da9990435657][DEFAULT][/lib/requirements/reqSpecListTree.php][16/Feb/24 08:35:47]
[<<][56cd6b6311da9990435657][DEFAULT][/lib/requirements/reqSpecListTree.php][16/Feb/24 08:35:47][16/Feb/24 08:35:47][took 0.035003 secs]
[<<][56cd6b633ec7c656246539][DEFAULT][/lib/ajax/getrequirementnodes.php][16/Feb/24 08:35:47][16/Feb/24 08:35:47][took 0.068007 secs]
[>>][56cd6b634fdf3392684851][DEFAULT][/lib/ajax/getrequirementnodes.php][16/Feb/24 08:35:47]
[<<][56cd6b634fdf3392684851][DEFAULT][/lib/ajax/getrequirementnodes.php][16/Feb/24 08:35:47][16/Feb/24 08:35:47][took 0.006 secs]
[<<][56cd6b6367114101002614][DEFAULT][/lib/ajax/getrequirementnodes.php][16/Feb/24 08:35:47][16/Feb/24 08:35:47][took 0.066007 secs]
[>>][56cd6b63776d3530418112][DEFAULT][/lib/ajax/getrequirementnodes.php][16/Feb/24 08:35:47]
[<<][56cd6b63776d3530418112][DEFAULT][/lib/ajax/getrequirementnodes.php][16/Feb/24 08:35:47][16/Feb/24 08:35:47][took 0.007001 secs]
[<<][56cd6bff9afa0545332890][DEFAULT][/testlinkPrefixTest/index.php][16/Feb/24 08:38:23][16/Feb/24 08:38:23][took 0.068007 secs]
[>>][56cd6bffabd2f486115521][DEFAULT][/testlinkPrefixTest/index.php][16/Feb/24 08:38:23]
[<<][56cd6bffabd2f486115521][DEFAULT][/testlinkPrefixTest/index.php][16/Feb/24 08:38:23][16/Feb/24 08:38:23][took 0.0049999999999999 secs]
[<<][56cd6bffbfd87667918510][DEFAULT][/testlinkPrefixTest/lib/general/mainPage.php][16/Feb/24 08:38:23][16/Feb/24 08:38:23][took 0.079008 secs]
[>>][56cd6bffd39f7199731822][DEFAULT][/testlinkPrefixTest/lib/general/mainPage.php][16/Feb/24 08:38:23]
[<<][56cd6bffd39f7199731822][DEFAULT][/testlinkPrefixTest/lib/general/mainPage.php][16/Feb/24 08:38:23][16/Feb/24 08:38:23][took 0.033004 secs]
[<<][56cd6bffbf99f921595240][DEFAULT][/testlinkPrefixTest/lib/general/navBar.php][16/Feb/24 08:38:23][16/Feb/24 08:38:23][took 0.157016 secs]
[>>][56cd6bffe62df897298254][DEFAULT][/testlinkPrefixTest/lib/general/navBar.php][16/Feb/24 08:38:23]
[<<][56cd6bffe62df897298254][DEFAULT][/testlinkPrefixTest/lib/general/navBar.php][16/Feb/24 08:38:23][16/Feb/24 08:38:23][took 0.037004 secs]
[<<][56cd6c0161a59282195597][DEFAULT][/lib/general/frmWorkArea.php][16/Feb/24 08:38:25][16/Feb/24 08:38:25][took 0.069006 secs]
[>>][56cd6c0172bd0205429772][DEFAULT][/lib/general/frmWorkArea.php][16/Feb/24 08:38:25]
[<<][56cd6c0172bd0205429772][DEFAULT][/lib/general/frmWorkArea.php][16/Feb/24 08:38:25][16/Feb/24 08:38:25][took 0.005 secs]
[<<][56cd6c017db9c296784685][DEFAULT][/lib/requirements/reqSpecListTree.php][16/Feb/24 08:38:25][16/Feb/24 08:38:25][took 0.085009 secs]
[>>][56cd6c01927ad264129442][DEFAULT][/lib/requirements/reqSpecListTree.php][16/Feb/24 08:38:25]
[<<][56cd6c01927ad264129442][DEFAULT][/lib/requirements/reqSpecListTree.php][16/Feb/24 08:38:25][16/Feb/24 08:38:25][took 0.036003 secs]
[<<][56cd6c017fec5257856440][DEFAULT][/lib/project/project_req_spec_mgmt.php][16/Feb/24 08:38:25][16/Feb/24 08:38:25][took 0.138014 secs]
[>>][56cd6c01a19e3841313602][DEFAULT][/lib/project/project_req_spec_mgmt.php][16/Feb/24 08:38:25]
[<<][56cd6c01a19e3841313602][DEFAULT][/lib/project/project_req_spec_mgmt.php][16/Feb/24 08:38:25][16/Feb/24 08:38:25][took 0.006 secs]
[<<][56cd6c01d88e1550790835][DEFAULT][/lib/ajax/getrequirementnodes.php][16/Feb/24 08:38:25][16/Feb/24 08:38:25][took 0.066007 secs]
[>>][56cd6c01e8ea0336460939][DEFAULT][/lib/ajax/getrequirementnodes.php][16/Feb/24 08:38:25]
[<<][56cd6c01e8ea0336460939][DEFAULT][/lib/ajax/getrequirementnodes.php][16/Feb/24 08:38:25][16/Feb/24 08:38:25][took 0.007001 secs]
[<<][56cd6c0209870162431286][DEFAULT][/lib/ajax/getrequirementnodes.php][16/Feb/24 08:38:26][16/Feb/24 08:38:26][took 0.070007 secs]
[>>][56cd6c021b1b8394149402][DEFAULT][/lib/ajax/getrequirementnodes.php][16/Feb/24 08:38:26]
[<<][56cd6c021b1b8394149402][DEFAULT][/lib/ajax/getrequirementnodes.php][16/Feb/24 08:38:26][16/Feb/24 08:38:26][took 0.007 secs]
[<<][56cd6c0524b40778228137][DEFAULT][/lib/requirements/reqView.php][16/Feb/24 08:38:29][16/Feb/24 08:38:29][took 0.068006 secs]
[>>][56cd6c05358ce884972227][DEFAULT][/lib/requirements/reqView.php][16/Feb/24 08:38:29]
[<<][56cd6c05358ce884972227][DEFAULT][/lib/requirements/reqView.php][16/Feb/24 08:38:29][16/Feb/24 08:38:29][took 0.074008 secs]
[<<][56cd6c07aef30764990784][DEFAULT][/lib/requirements/reqEdit.php][16/Feb/24 08:38:31][16/Feb/24 08:38:31][took 0.088009 secs]
[>>][56cd6c07c4ae1988772209][DEFAULT][/lib/requirements/reqEdit.php][16/Feb/24 08:38:31]
[<<][56cd6c07c4ae1988772209][DEFAULT][/lib/requirements/reqEdit.php][16/Feb/24 08:38:31][16/Feb/24 08:38:31][took 0.047005 secs]
[<<][56cd6c1097bab126211453][DEFAULT][/testlinkPrefixTest/login.php][16/Feb/24 08:38:40][16/Feb/24 08:38:40][took 0.067006 secs]
[>>][56cd6c10a8939553503338][DEFAULT][/testlinkPrefixTest/login.php][16/Feb/24 08:38:40]
[<<][56cd6c10a8939553503338][DEFAULT][/testlinkPrefixTest/login.php][16/Feb/24 08:38:40][16/Feb/24 08:38:40][took 0.004001 secs]
[<<][56cd6c10b63ff261006270][DEFAULT][/lib/requirements/reqEdit.php][16/Feb/24 08:38:40][16/Feb/24 08:38:40][took 0.075008 secs]
[>>][56cd6c10c8ce7919974042][DEFAULT][/lib/requirements/reqEdit.php][16/Feb/24 08:38:40]
[<<][56cd6c10c8ce7919974042][DEFAULT][/lib/requirements/reqEdit.php][16/Feb/24 08:38:40][16/Feb/24 08:38:40][took 0.048004 secs]
[<<][56cd6c13248e7587705173][DEFAULT][/lib/requirements/reqEdit.php][16/Feb/24 08:38:43][16/Feb/24 08:38:43][took 0.080008 secs]
[>>][56cd6c1338940237834409][DEFAULT][/lib/requirements/reqEdit.php][16/Feb/24 08:38:43]
	[16/Feb/24 08:38:43][WARNING][4inpv8utgti1g3oaae5fpc8nl5][GUI]
		E_WARNING
Invalid argument supplied for foreach() - in C:\xampp\htdocs\testlinkPrefixTest\lib\functions\requirement_mgr.class.php - Line 4090
	[16/Feb/24 08:38:43][WARNING][4inpv8utgti1g3oaae5fpc8nl5][GUI]
		E_WARNING
Invalid argument supplied for foreach() - in C:\xampp\htdocs\testlinkPrefixTest\lib\functions\requirement_mgr.class.php - Line 4112
	[16/Feb/24 08:38:43][WARNING][4inpv8utgti1g3oaae5fpc8nl5][GUI]
		E_NOTICE
Undefined variable: transformedResults - in C:\xampp\htdocs\testlinkPrefixTest\lib\functions\requirement_mgr.class.php - Line 4129
	[16/Feb/24 08:38:43][WARNING][4inpv8utgti1g3oaae5fpc8nl5][GUI]
		E_STRICT
Only variables should be passed by reference - in C:\xampp\htdocs\testlinkPrefixTest\lib\requirements\reqCommands.class.php - Line 1023
	[16/Feb/24 08:38:43][WARNING][4inpv8utgti1g3oaae5fpc8nl5][GUI]
		E_WARNING
Invalid argument supplied for foreach() - in C:\xampp\htdocs\testlinkPrefixTest\lib\requirements\reqCommands.class.php - Line 1028
	[16/Feb/24 08:38:44][AUDIT][4inpv8utgti1g3oaae5fpc8nl5][GUI]
		Requirement '1.1' was saved
[<<][56cd6c1338940237834409][DEFAULT][/lib/requirements/reqEdit.php][16/Feb/24 08:38:43][16/Feb/24 08:38:44][took 1.249124 secs]
[<<][56cd6c147f2a8705090853][DEFAULT][/lib/requirements/reqView.php][16/Feb/24 08:38:44][16/Feb/24 08:38:44][took 0.087009 secs]
[>>][56cd6c1494a71933751928][DEFAULT][/lib/requirements/reqView.php][16/Feb/24 08:38:44]
[<<][56cd6c1494a71933751928][DEFAULT][/lib/requirements/reqView.php][16/Feb/24 08:38:44][16/Feb/24 08:38:44][took 0.090009 secs]
[<<][56cd6c14d1f02542064231][DEFAULT][/lib/requirements/reqSpecListTree.php][16/Feb/24 08:38:44][16/Feb/24 08:38:44][took 0.076008 secs]
[>>][56cd6c14e4fba374886238][DEFAULT][/lib/requirements/reqSpecListTree.php][16/Feb/24 08:38:44]
[<<][56cd6c14e4fba374886238][DEFAULT][/lib/requirements/reqSpecListTree.php][16/Feb/24 08:38:44][16/Feb/24 08:38:44][took 0.039004 secs]
[<<][56cd6c151dc4d672696642][DEFAULT][/lib/ajax/getrequirementnodes.php][16/Feb/24 08:38:45][16/Feb/24 08:38:45][took 0.065006 secs]
[>>][56cd6c152e20b172129537][DEFAULT][/lib/ajax/getrequirementnodes.php][16/Feb/24 08:38:45]
[<<][56cd6c152e20b172129537][DEFAULT][/lib/ajax/getrequirementnodes.php][16/Feb/24 08:38:45][16/Feb/24 08:38:45][took 0.007001 secs]
[<<][56cd6c1542a34635137380][DEFAULT][/lib/ajax/getrequirementnodes.php][16/Feb/24 08:38:45][16/Feb/24 08:38:45][took 0.065006 secs]
[>>][56cd6c1552c0a634770217][DEFAULT][/lib/ajax/getrequirementnodes.php][16/Feb/24 08:38:45]
[<<][56cd6c1552c0a634770217][DEFAULT][/lib/ajax/getrequirementnodes.php][16/Feb/24 08:38:45][16/Feb/24 08:38:45][took 0.006001 secs]
[<<][56cd71236f511992599649][DEFAULT][/lib/requirements/reqEdit.php][16/Feb/24 09:00:19][16/Feb/24 09:00:19][took 0.260026 secs]
[>>][56cd7123af0b4508051174][DEFAULT][/lib/requirements/reqEdit.php][16/Feb/24 09:00:19]
[<<][56cd7123af0b4508051174][DEFAULT][/lib/requirements/reqEdit.php][16/Feb/24 09:00:19][16/Feb/24 09:00:19][took 0.191019 secs]
[<<][56cd712e77279355432099][DEFAULT][/testlinkPrefixTest/login.php][16/Feb/24 09:00:30][16/Feb/24 09:00:30][took 0.072007 secs]
[>>][56cd712e88bc0847978812][DEFAULT][/testlinkPrefixTest/login.php][16/Feb/24 09:00:30]
[<<][56cd712e88bc0847978812][DEFAULT][/testlinkPrefixTest/login.php][16/Feb/24 09:00:30][16/Feb/24 09:00:30][took 0.006 secs]
[<<][56cd712e9241c482112034][DEFAULT][/lib/requirements/reqEdit.php][16/Feb/24 09:00:30][16/Feb/24 09:00:30][took 0.076007 secs]
[>>][56cd712ea54d3405215430][DEFAULT][/lib/requirements/reqEdit.php][16/Feb/24 09:00:30]
	[16/Feb/24 09:00:30][AUDIT][4inpv8utgti1g3oaae5fpc8nl5][GUI]
		Requirement '1.1' was saved
[<<][56cd712ea54d3405215430][DEFAULT][/lib/requirements/reqEdit.php][16/Feb/24 09:00:30][16/Feb/24 09:00:30][took 0.062007 secs]
[<<][56cd712ebdf66693485847][DEFAULT][/lib/requirements/reqView.php][16/Feb/24 09:00:30][16/Feb/24 09:00:30][took 0.069007 secs]
[>>][56cd712ecf4c5361349576][DEFAULT][/lib/requirements/reqView.php][16/Feb/24 09:00:30]
[<<][56cd712ecf4c5361349576][DEFAULT][/lib/requirements/reqView.php][16/Feb/24 09:00:30][16/Feb/24 09:00:30][took 0.115011 secs]
[<<][56cd712f49c3a649071093][DEFAULT][/lib/requirements/reqSpecListTree.php][16/Feb/24 09:00:31][16/Feb/24 09:00:31][took 0.073007 secs]
[>>][56cd712f5bd51995565048][DEFAULT][/lib/requirements/reqSpecListTree.php][16/Feb/24 09:00:31]
[<<][56cd712f5bd51995565048][DEFAULT][/lib/requirements/reqSpecListTree.php][16/Feb/24 09:00:31][16/Feb/24 09:00:31][took 0.088009 secs]
[<<][56cd712fc8f96529183334][DEFAULT][/lib/ajax/getrequirementnodes.php][16/Feb/24 09:00:31][16/Feb/24 09:00:31][took 0.068007 secs]
[>>][56cd712fda10d904861729][DEFAULT][/lib/ajax/getrequirementnodes.php][16/Feb/24 09:00:31]
[<<][56cd712fda10d904861729][DEFAULT][/lib/ajax/getrequirementnodes.php][16/Feb/24 09:00:31][16/Feb/24 09:00:31][took 0.008001 secs]
[<<][56cd712fed1c5664680413][DEFAULT][/lib/ajax/getrequirementnodes.php][16/Feb/24 09:00:31][16/Feb/24 09:00:32][took 0.066006 secs]
[>>][56cd71300915b657732701][DEFAULT][/lib/ajax/getrequirementnodes.php][16/Feb/24 09:00:32]
[<<][56cd71300915b657732701][DEFAULT][/lib/ajax/getrequirementnodes.php][16/Feb/24 09:00:32][16/Feb/24 09:00:32][took 0.007001 secs]
[<<][56cd731643eac931524856][DEFAULT][/testlinkPrefixTest/index.php][16/Feb/24 09:08:38][16/Feb/24 09:08:38][took 0.071 secs]
[>>][56cd731655404612387312][DEFAULT][/testlinkPrefixTest/index.php][16/Feb/24 09:08:38]
[<<][56cd731655404612387312][DEFAULT][/testlinkPrefixTest/index.php][16/Feb/24 09:08:38][16/Feb/24 09:08:38][took 0.008 secs]
[<<][56cd73166d2d4446468443][DEFAULT][/testlinkPrefixTest/lib/general/navBar.php][16/Feb/24 09:08:38][16/Feb/24 09:08:38][took 0.073 secs]
[>>][56cd73167effc782243555][DEFAULT][/testlinkPrefixTest/lib/general/navBar.php][16/Feb/24 09:08:38]
[<<][56cd73167effc782243555][DEFAULT][/testlinkPrefixTest/lib/general/navBar.php][16/Feb/24 09:08:38][16/Feb/24 09:08:38][took 0.037 secs]
[<<][56cd73166d2d4634943254][DEFAULT][/testlinkPrefixTest/lib/general/mainPage.php][16/Feb/24 09:08:38][16/Feb/24 09:08:38][took 0.166 secs]
[>>][56cd731695f2c850520543][DEFAULT][/testlinkPrefixTest/lib/general/mainPage.php][16/Feb/24 09:08:38]
[<<][56cd731695f2c850520543][DEFAULT][/testlinkPrefixTest/lib/general/mainPage.php][16/Feb/24 09:08:38][16/Feb/24 09:08:38][took 0.078 secs]
[<<][56cd73185119c937042539][DEFAULT][/lib/general/frmWorkArea.php][16/Feb/24 09:08:40][16/Feb/24 09:08:40][took 0.064 secs]
[>>][56cd731860b9c229479153][DEFAULT][/lib/general/frmWorkArea.php][16/Feb/24 09:08:40]
[<<][56cd731860b9c229479153][DEFAULT][/lib/general/frmWorkArea.php][16/Feb/24 09:08:40][16/Feb/24 09:08:40][took 0.01 secs]
[<<][56cd73186e274058032098][DEFAULT][/lib/requirements/reqSpecListTree.php][16/Feb/24 09:08:40][16/Feb/24 09:08:40][took 0.075 secs]
[>>][56cd731880b54525066084][DEFAULT][/lib/requirements/reqSpecListTree.php][16/Feb/24 09:08:40]
[<<][56cd731880b54525066084][DEFAULT][/lib/requirements/reqSpecListTree.php][16/Feb/24 09:08:40][16/Feb/24 09:08:40][took 0.036 secs]
[<<][56cd73187059c368115795][DEFAULT][/lib/project/project_req_spec_mgmt.php][16/Feb/24 09:08:40][16/Feb/24 09:08:40][took 0.131 secs]
[>>][56cd73189093c029981879][DEFAULT][/lib/project/project_req_spec_mgmt.php][16/Feb/24 09:08:40]
[<<][56cd73189093c029981879][DEFAULT][/lib/project/project_req_spec_mgmt.php][16/Feb/24 09:08:40][16/Feb/24 09:08:40][took 0.012 secs]
[<<][56cd7318c5114348446986][DEFAULT][/lib/ajax/getrequirementnodes.php][16/Feb/24 09:08:40][16/Feb/24 09:08:40][took 0.069 secs]
[>>][56cd7318d6284186471072][DEFAULT][/lib/ajax/getrequirementnodes.php][16/Feb/24 09:08:40]
[<<][56cd7318d6284186471072][DEFAULT][/lib/ajax/getrequirementnodes.php][16/Feb/24 09:08:40][16/Feb/24 09:08:40][took 0.006 secs]
[<<][56cd7318f27a4039282191][DEFAULT][/lib/ajax/getrequirementnodes.php][16/Feb/24 09:08:40][16/Feb/24 09:08:41][took 0.061 secs]
[>>][56cd73190db7c724958776][DEFAULT][/lib/ajax/getrequirementnodes.php][16/Feb/24 09:08:41]
[<<][56cd73190db7c724958776][DEFAULT][/lib/ajax/getrequirementnodes.php][16/Feb/24 09:08:41][16/Feb/24 09:08:41][took 0.006 secs]
[<<][56cd731b079d4699014467][DEFAULT][/lib/requirements/reqView.php][16/Feb/24 09:08:43][16/Feb/24 09:08:43][took 0.068 secs]
[>>][56cd731b1875c331446026][DEFAULT][/lib/requirements/reqView.php][16/Feb/24 09:08:43]
[<<][56cd731b1875c331446026][DEFAULT][/lib/requirements/reqView.php][16/Feb/24 09:08:43][16/Feb/24 09:08:43][took 0.021 secs]
[<<][56cd732c724dc460362988][DEFAULT][/testlinkPrefixTest/index.php][16/Feb/24 09:09:00][16/Feb/24 09:09:00][took 0.072 secs]
[>>][56cd732c84204487288915][DEFAULT][/testlinkPrefixTest/index.php][16/Feb/24 09:09:00]
[<<][56cd732c84204487288915][DEFAULT][/testlinkPrefixTest/index.php][16/Feb/24 09:09:00][16/Feb/24 09:09:00][took 0.004 secs]
[<<][56cd732c9a194682821531][DEFAULT][/testlinkPrefixTest/lib/general/navBar.php][16/Feb/24 09:09:00][16/Feb/24 09:09:00][took 0.072 secs]
[>>][56cd732cabad4642450275][DEFAULT][/testlinkPrefixTest/lib/general/navBar.php][16/Feb/24 09:09:00]
[<<][56cd732cabad4642450275][DEFAULT][/testlinkPrefixTest/lib/general/navBar.php][16/Feb/24 09:09:00][16/Feb/24 09:09:00][took 0.025 secs]
[<<][56cd732c999c4345093624][DEFAULT][/testlinkPrefixTest/lib/general/mainPage.php][16/Feb/24 09:09:00][16/Feb/24 09:09:00][took 0.129 secs]
[>>][56cd732cb91ac762987431][DEFAULT][/testlinkPrefixTest/lib/general/mainPage.php][16/Feb/24 09:09:00]
[<<][56cd732cb91ac762987431][DEFAULT][/testlinkPrefixTest/lib/general/mainPage.php][16/Feb/24 09:09:00][16/Feb/24 09:09:00][took 0.043 secs]
[<<][56cd732e3b5f4416893317][DEFAULT][/lib/general/frmWorkArea.php][16/Feb/24 09:09:02][16/Feb/24 09:09:02][took 0.07 secs]
[>>][56cd732e4c764639011345][DEFAULT][/lib/general/frmWorkArea.php][16/Feb/24 09:09:02]
[<<][56cd732e4c764639011345][DEFAULT][/lib/general/frmWorkArea.php][16/Feb/24 09:09:02][16/Feb/24 09:09:02][took 0.004 secs]
[<<][56cd732e586cc559383481][DEFAULT][/lib/requirements/reqSpecListTree.php][16/Feb/24 09:09:02][16/Feb/24 09:09:02][took 0.075 secs]
[>>][56cd732e6afac907193725][DEFAULT][/lib/requirements/reqSpecListTree.php][16/Feb/24 09:09:02]
[<<][56cd732e6afac907193725][DEFAULT][/lib/requirements/reqSpecListTree.php][16/Feb/24 09:09:02][16/Feb/24 09:09:02][took 0.036 secs]
[<<][56cd732e5966c602405879][DEFAULT][/lib/project/project_req_spec_mgmt.php][16/Feb/24 09:09:02][16/Feb/24 09:09:02][took 0.135 secs]
[>>][56cd732e7a9ac311025814][DEFAULT][/lib/project/project_req_spec_mgmt.php][16/Feb/24 09:09:02]
[<<][56cd732e7a9ac311025814][DEFAULT][/lib/project/project_req_spec_mgmt.php][16/Feb/24 09:09:02][16/Feb/24 09:09:02][took 0.007 secs]
[<<][56cd732ea786c604271297][DEFAULT][/lib/ajax/getrequirementnodes.php][16/Feb/24 09:09:02][16/Feb/24 09:09:02][took 0.064 secs]
[>>][56cd732eb7a3c245833689][DEFAULT][/lib/ajax/getrequirementnodes.php][16/Feb/24 09:09:02]
[<<][56cd732eb7a3c245833689][DEFAULT][/lib/ajax/getrequirementnodes.php][16/Feb/24 09:09:02][16/Feb/24 09:09:02][took 0.007 secs]
[<<][56cd732ed1c34269488752][DEFAULT][/lib/ajax/getrequirementnodes.php][16/Feb/24 09:09:02][16/Feb/24 09:09:02][took 0.067 secs]
[>>][56cd732ee25d4100629783][DEFAULT][/lib/ajax/getrequirementnodes.php][16/Feb/24 09:09:02]
[<<][56cd732ee25d4100629783][DEFAULT][/lib/ajax/getrequirementnodes.php][16/Feb/24 09:09:02][16/Feb/24 09:09:02][took 0.006 secs]
[<<][56cd733027d74762204319][DEFAULT][/lib/requirements/reqView.php][16/Feb/24 09:09:04][16/Feb/24 09:09:04][took 0.073 secs]
[>>][56cd733039e84110961407][DEFAULT][/lib/requirements/reqView.php][16/Feb/24 09:09:04]
[<<][56cd733039e84110961407][DEFAULT][/lib/requirements/reqView.php][16/Feb/24 09:09:04][16/Feb/24 09:09:04][took 0.085 secs]
[<<][56cd7335ae5cc307958786][DEFAULT][/lib/requirements/reqEdit.php][16/Feb/24 09:09:09][16/Feb/24 09:09:09][took 0.09 secs]
[>>][56cd7335c4944841568362][DEFAULT][/lib/requirements/reqEdit.php][16/Feb/24 09:09:09]
[<<][56cd7335c4944841568362][DEFAULT][/lib/requirements/reqEdit.php][16/Feb/24 09:09:09][16/Feb/24 09:09:09][took 0.051 secs]
[<<][56cd7338d472c774889898][DEFAULT][/testlinkPrefixTest/login.php][16/Feb/24 09:09:12][16/Feb/24 09:09:12][took 0.067 secs]
[>>][56cd7338e50cc568876420][DEFAULT][/testlinkPrefixTest/login.php][16/Feb/24 09:09:12]
[<<][56cd7338e50cc568876420][DEFAULT][/testlinkPrefixTest/login.php][16/Feb/24 09:09:12][16/Feb/24 09:09:12][took 0.004 secs]
[<<][56cd73390088c274854229][DEFAULT][/lib/requirements/reqEdit.php][16/Feb/24 09:09:13][16/Feb/24 09:09:13][took 0.08 secs]
[>>][56cd7339148dc545975899][DEFAULT][/lib/requirements/reqEdit.php][16/Feb/24 09:09:13]
	[16/Feb/24 09:09:13][AUDIT][4inpv8utgti1g3oaae5fpc8nl5][GUI]
		Requirement '1.1' was saved
[<<][56cd7339148dc545975899][DEFAULT][/lib/requirements/reqEdit.php][16/Feb/24 09:09:13][16/Feb/24 09:09:13][took 0.048 secs]
[<<][56cd7339275a4416989451][DEFAULT][/lib/requirements/reqView.php][16/Feb/24 09:09:13][16/Feb/24 09:09:13][took 0.068 secs]
[>>][56cd73393832c169018078][DEFAULT][/lib/requirements/reqView.php][16/Feb/24 09:09:13]
[<<][56cd73393832c169018078][DEFAULT][/lib/requirements/reqView.php][16/Feb/24 09:09:13][16/Feb/24 09:09:13][took 0.073 secs]
[<<][56cd73396a00c237110218][DEFAULT][/lib/requirements/reqSpecListTree.php][16/Feb/24 09:09:13][16/Feb/24 09:09:13][took 0.071 secs]
[>>][56cd73397bd34268341821][DEFAULT][/lib/requirements/reqSpecListTree.php][16/Feb/24 09:09:13]
[<<][56cd73397bd34268341821][DEFAULT][/lib/requirements/reqSpecListTree.php][16/Feb/24 09:09:13][16/Feb/24 09:09:13][took 0.035 secs]
[<<][56cd7339a68cc558161117][DEFAULT][/lib/ajax/getrequirementnodes.php][16/Feb/24 09:09:13][16/Feb/24 09:09:13][took 0.07 secs]
[>>][56cd7339b7a3c545314020][DEFAULT][/lib/ajax/getrequirementnodes.php][16/Feb/24 09:09:13]
[<<][56cd7339b7a3c545314020][DEFAULT][/lib/ajax/getrequirementnodes.php][16/Feb/24 09:09:13][16/Feb/24 09:09:13][took 0.006 secs]
[<<][56cd7339cb2bc659390841][DEFAULT][/lib/ajax/getrequirementnodes.php][16/Feb/24 09:09:13][16/Feb/24 09:09:13][took 0.069 secs]
[>>][56cd7339dc42c605593942][DEFAULT][/lib/ajax/getrequirementnodes.php][16/Feb/24 09:09:13]
[<<][56cd7339dc42c605593942][DEFAULT][/lib/ajax/getrequirementnodes.php][16/Feb/24 09:09:13][16/Feb/24 09:09:13][took 0.006 secs]
[<<][56cd73420bc3c121850840][DEFAULT][/lib/requirements/reqEdit.php][16/Feb/24 09:09:22][16/Feb/24 09:09:22][took 0.082 secs]
[>>][56cd73422045c590393610][DEFAULT][/lib/requirements/reqEdit.php][16/Feb/24 09:09:22]
[<<][56cd73422045c590393610][DEFAULT][/lib/requirements/reqEdit.php][16/Feb/24 09:09:22][16/Feb/24 09:09:22][took 0.053 secs]
[<<][56cd73484e2bc972084209][DEFAULT][/testlinkPrefixTest/login.php][16/Feb/24 09:09:28][16/Feb/24 09:09:28][took 0.076 secs]
[>>][56cd734860b9c299619473][DEFAULT][/testlinkPrefixTest/login.php][16/Feb/24 09:09:28]
[<<][56cd734860b9c299619473][DEFAULT][/testlinkPrefixTest/login.php][16/Feb/24 09:09:28][16/Feb/24 09:09:28][took 0.004 secs]
[<<][56cd73486bb64672375257][DEFAULT][/lib/requirements/reqEdit.php][16/Feb/24 09:09:28][16/Feb/24 09:09:28][took 0.076 secs]
[>>][56cd73487e82c300330428][DEFAULT][/lib/requirements/reqEdit.php][16/Feb/24 09:09:28]
[<<][56cd73487e82c300330428][DEFAULT][/lib/requirements/reqEdit.php][16/Feb/24 09:09:28][16/Feb/24 09:09:28][took 0.05 secs]
[<<][56cd734fb7654848818545][DEFAULT][/lib/requirements/reqEdit.php][16/Feb/24 09:09:35][16/Feb/24 09:09:35][took 0.075 secs]
[>>][56cd734fc9b4c989753874][DEFAULT][/lib/requirements/reqEdit.php][16/Feb/24 09:09:35]
	[16/Feb/24 09:09:35][WARNING][4inpv8utgti1g3oaae5fpc8nl5][GUI]
		E_WARNING
Invalid argument supplied for foreach() - in C:\xampp\htdocs\testlinkPrefixTest\lib\functions\requirement_mgr.class.php - Line 4090
	[16/Feb/24 09:09:35][WARNING][4inpv8utgti1g3oaae5fpc8nl5][GUI]
		E_WARNING
Invalid argument supplied for foreach() - in C:\xampp\htdocs\testlinkPrefixTest\lib\functions\requirement_mgr.class.php - Line 4112
	[16/Feb/24 09:09:35][WARNING][4inpv8utgti1g3oaae5fpc8nl5][GUI]
		E_NOTICE
Undefined variable: transformedResults - in C:\xampp\htdocs\testlinkPrefixTest\lib\functions\requirement_mgr.class.php - Line 4129
	[16/Feb/24 09:09:35][WARNING][4inpv8utgti1g3oaae5fpc8nl5][GUI]
		E_STRICT
Only variables should be passed by reference - in C:\xampp\htdocs\testlinkPrefixTest\lib\requirements\reqCommands.class.php - Line 1019
	[16/Feb/24 09:09:35][WARNING][4inpv8utgti1g3oaae5fpc8nl5][GUI]
		E_WARNING
Invalid argument supplied for foreach() - in C:\xampp\htdocs\testlinkPrefixTest\lib\requirements\reqCommands.class.php - Line 1024
[<<][56cd734fc9b4c989753874][DEFAULT][/lib/requirements/reqEdit.php][16/Feb/24 09:09:35][16/Feb/24 09:09:35][took 0.047 secs]
[<<][56cd73648f5b4278449465][DEFAULT][/testlinkPrefixTest/index.php][16/Feb/24 09:09:56][16/Feb/24 09:09:56][took 0.064 secs]
[>>][56cd73649f39c448890969][DEFAULT][/testlinkPrefixTest/index.php][16/Feb/24 09:09:56]
[<<][56cd73649f39c448890969][DEFAULT][/testlinkPrefixTest/index.php][16/Feb/24 09:09:56][16/Feb/24 09:09:56][took 0.004 secs]
[<<][56cd7364b0124532618642][DEFAULT][/testlinkPrefixTest/lib/general/navBar.php][16/Feb/24 09:09:56][16/Feb/24 09:09:56][took 0.076 secs]
[>>][56cd7364c2a04086206738][DEFAULT][/testlinkPrefixTest/lib/general/navBar.php][16/Feb/24 09:09:56]
[<<][56cd7364c2a04086206738][DEFAULT][/testlinkPrefixTest/lib/general/navBar.php][16/Feb/24 09:09:56][16/Feb/24 09:09:56][took 0.022 secs]
[<<][56cd7364b0cdc280899113][DEFAULT][/testlinkPrefixTest/lib/general/mainPage.php][16/Feb/24 09:09:56][16/Feb/24 09:09:56][took 0.124 secs]
[>>][56cd7364cfcf4608383765][DEFAULT][/testlinkPrefixTest/lib/general/mainPage.php][16/Feb/24 09:09:56]
[<<][56cd7364cfcf4608383765][DEFAULT][/testlinkPrefixTest/lib/general/mainPage.php][16/Feb/24 09:09:56][16/Feb/24 09:09:56][took 0.033 secs]
[<<][56cd73660ac9c680485136][DEFAULT][/lib/general/frmWorkArea.php][16/Feb/24 09:09:58][16/Feb/24 09:09:58][took 0.072 secs]
[>>][56cd73661cdac182674975][DEFAULT][/lib/general/frmWorkArea.php][16/Feb/24 09:09:58]
[<<][56cd73661cdac182674975][DEFAULT][/lib/general/frmWorkArea.php][16/Feb/24 09:09:58][16/Feb/24 09:09:58][took 0.005 secs]
[<<][56cd736628d14004662657][DEFAULT][/lib/project/project_req_spec_mgmt.php][16/Feb/24 09:09:58][16/Feb/24 09:09:58][took 0.078 secs]
[>>][56cd73663c1ac188595362][DEFAULT][/lib/project/project_req_spec_mgmt.php][16/Feb/24 09:09:58]
[<<][56cd73663c1ac188595362][DEFAULT][/lib/project/project_req_spec_mgmt.php][16/Feb/24 09:09:58][16/Feb/24 09:09:58][took 0.007 secs]
[<<][56cd7366290fc075489548][DEFAULT][/lib/requirements/reqSpecListTree.php][16/Feb/24 09:09:58][16/Feb/24 09:09:58][took 0.108 secs]
[>>][56cd736643ac4057897784][DEFAULT][/lib/requirements/reqSpecListTree.php][16/Feb/24 09:09:58]
[<<][56cd736643ac4057897784][DEFAULT][/lib/requirements/reqSpecListTree.php][16/Feb/24 09:09:58][16/Feb/24 09:09:58][took 0.044 secs]
[<<][56cd736676f14691316398][DEFAULT][/lib/ajax/getrequirementnodes.php][16/Feb/24 09:09:58][16/Feb/24 09:09:58][took 0.066 secs]
[>>][56cd7366874cc427730983][DEFAULT][/lib/ajax/getrequirementnodes.php][16/Feb/24 09:09:58]
[<<][56cd7366874cc427730983][DEFAULT][/lib/ajax/getrequirementnodes.php][16/Feb/24 09:09:58][16/Feb/24 09:09:58][took 0.007 secs]
[<<][56cd73669c0d4021481904][DEFAULT][/lib/ajax/getrequirementnodes.php][16/Feb/24 09:09:58][16/Feb/24 09:09:58][took 0.066 secs]
[>>][56cd7366aca74204649627][DEFAULT][/lib/ajax/getrequirementnodes.php][16/Feb/24 09:09:58]
[<<][56cd7366aca74204649627][DEFAULT][/lib/ajax/getrequirementnodes.php][16/Feb/24 09:09:58][16/Feb/24 09:09:58][took 0.006 secs]
[<<][56cd7367ad244319053555][DEFAULT][/lib/requirements/reqView.php][16/Feb/24 09:09:59][16/Feb/24 09:09:59][took 0.075 secs]
[>>][56cd7367bfb24109397343][DEFAULT][/lib/requirements/reqView.php][16/Feb/24 09:09:59]
[<<][56cd7367bfb24109397343][DEFAULT][/lib/requirements/reqView.php][16/Feb/24 09:09:59][16/Feb/24 09:09:59][took 0.08 secs]
[<<][56cd73681c1f4886311984][DEFAULT][/testlinkPrefixTest/lib/ajax/getreqlog.php][16/Feb/24 09:10:00][16/Feb/24 09:10:00][took 0.071 secs]
[>>][56cd73682db34488659345][DEFAULT][/testlinkPrefixTest/lib/ajax/getreqlog.php][16/Feb/24 09:10:00]
[<<][56cd73682db34488659345][DEFAULT][/testlinkPrefixTest/lib/ajax/getreqlog.php][16/Feb/24 09:10:00][16/Feb/24 09:10:00][took 0.017 secs]
[<<][56cd7369972b4208083453][DEFAULT][/lib/requirements/reqEdit.php][16/Feb/24 09:10:01][16/Feb/24 09:10:01][took 0.078 secs]
[>>][56cd7369aab34025966119][DEFAULT][/lib/requirements/reqEdit.php][16/Feb/24 09:10:01]
[<<][56cd7369aab34025966119][DEFAULT][/lib/requirements/reqEdit.php][16/Feb/24 09:10:01][16/Feb/24 09:10:01][took 0.052 secs]
[<<][56cd7371655d4398400598][DEFAULT][/testlinkPrefixTest/login.php][16/Feb/24 09:10:09][16/Feb/24 09:10:09][took 0.076 secs]
[>>][56cd737178684294386726][DEFAULT][/testlinkPrefixTest/login.php][16/Feb/24 09:10:09]
[<<][56cd737178684294386726][DEFAULT][/testlinkPrefixTest/login.php][16/Feb/24 09:10:09][16/Feb/24 09:10:09][took 0.004 secs]
[<<][56cd737189024402018646][DEFAULT][/lib/requirements/reqEdit.php][16/Feb/24 09:10:09][16/Feb/24 09:10:09][took 0.082 secs]
[>>][56cd73719d45c781001697][DEFAULT][/lib/requirements/reqEdit.php][16/Feb/24 09:10:09]
[<<][56cd73719d45c781001697][DEFAULT][/lib/requirements/reqEdit.php][16/Feb/24 09:10:09][16/Feb/24 09:10:09][took 0.048 secs]
[<<][56cd737542b24267411585][DEFAULT][/lib/requirements/reqEdit.php][16/Feb/24 09:10:13][16/Feb/24 09:10:13][took 0.074 secs]
[>>][56cd73755501c075604961][DEFAULT][/lib/requirements/reqEdit.php][16/Feb/24 09:10:13]
	[16/Feb/24 09:10:13][WARNING][4inpv8utgti1g3oaae5fpc8nl5][GUI]
		E_WARNING
Invalid argument supplied for foreach() - in C:\xampp\htdocs\testlinkPrefixTest\lib\functions\requirement_mgr.class.php - Line 4090
	[16/Feb/24 09:10:13][WARNING][4inpv8utgti1g3oaae5fpc8nl5][GUI]
		E_WARNING
Invalid argument supplied for foreach() - in C:\xampp\htdocs\testlinkPrefixTest\lib\functions\requirement_mgr.class.php - Line 4112
	[16/Feb/24 09:10:13][WARNING][4inpv8utgti1g3oaae5fpc8nl5][GUI]
		E_NOTICE
Undefined variable: transformedResults - in C:\xampp\htdocs\testlinkPrefixTest\lib\functions\requirement_mgr.class.php - Line 4129
	[16/Feb/24 09:10:13][WARNING][4inpv8utgti1g3oaae5fpc8nl5][GUI]
		E_STRICT
Only variables should be passed by reference - in C:\xampp\htdocs\testlinkPrefixTest\lib\requirements\reqCommands.class.php - Line 1019
	[16/Feb/24 09:10:13][WARNING][4inpv8utgti1g3oaae5fpc8nl5][GUI]
		E_WARNING
Invalid argument supplied for foreach() - in C:\xampp\htdocs\testlinkPrefixTest\lib\requirements\reqCommands.class.php - Line 1024
	[16/Feb/24 09:10:14][AUDIT][4inpv8utgti1g3oaae5fpc8nl5][GUI]
		Requirement '1.1' was saved
[<<][56cd73755501c075604961][DEFAULT][/lib/requirements/reqEdit.php][16/Feb/24 09:10:13][16/Feb/24 09:10:14][took 1.204 secs]
[<<][56cd73769110c846513735][DEFAULT][/lib/requirements/reqView.php][16/Feb/24 09:10:14][16/Feb/24 09:10:14][took 0.071 secs]
[>>][56cd7376a2a4c646803460][DEFAULT][/lib/requirements/reqView.php][16/Feb/24 09:10:14]
[<<][56cd7376a2a4c646803460][DEFAULT][/lib/requirements/reqView.php][16/Feb/24 09:10:14][16/Feb/24 09:10:14][took 0.072 secs]
[<<][56cd7376d666c347993139][DEFAULT][/lib/requirements/reqSpecListTree.php][16/Feb/24 09:10:14][16/Feb/24 09:10:14][took 0.074 secs]
[>>][56cd7376e877c196166352][DEFAULT][/lib/requirements/reqSpecListTree.php][16/Feb/24 09:10:14]
[<<][56cd7376e877c196166352][DEFAULT][/lib/requirements/reqSpecListTree.php][16/Feb/24 09:10:14][16/Feb/24 09:10:14][took 0.035 secs]
[<<][56cd73771f8a4378535144][DEFAULT][/lib/ajax/getrequirementnodes.php][16/Feb/24 09:10:15][16/Feb/24 09:10:15][took 0.068 secs]
[>>][56cd737730244438706698][DEFAULT][/lib/ajax/getrequirementnodes.php][16/Feb/24 09:10:15]
[<<][56cd737730244438706698][DEFAULT][/lib/ajax/getrequirementnodes.php][16/Feb/24 09:10:15][16/Feb/24 09:10:15][took 0.007 secs]
[<<][56cd73774aff4669430085][DEFAULT][/lib/ajax/getrequirementnodes.php][16/Feb/24 09:10:15][16/Feb/24 09:10:15][took 0.063 secs]
[>>][56cd73775a9f4134824357][DEFAULT][/lib/ajax/getrequirementnodes.php][16/Feb/24 09:10:15]
[<<][56cd73775a9f4134824357][DEFAULT][/lib/ajax/getrequirementnodes.php][16/Feb/24 09:10:15][16/Feb/24 09:10:15][took 0.006 secs]
[<<][56cd7c5425cb5910969469][DEFAULT][/lib/requirements/reqEdit.php][16/Feb/24 09:48:04][16/Feb/24 09:48:04][took 0.083 secs]
[>>][56cd7c543a8bd400553241][DEFAULT][/lib/requirements/reqEdit.php][16/Feb/24 09:48:04]
[<<][56cd7c543a8bd400553241][DEFAULT][/lib/requirements/reqEdit.php][16/Feb/24 09:48:04][16/Feb/24 09:48:04][took 0.004 secs]
[<<][56cd7cad9b39d421029976][DEFAULT][/testlinkPrefixTest/index.php][16/Feb/24 09:49:33][16/Feb/24 09:49:33][took 0.061 secs]
[>>][56cd7cadaa5cd868987819][DEFAULT][/testlinkPrefixTest/index.php][16/Feb/24 09:49:33]
[<<][56cd7cadaa5cd868987819][DEFAULT][/testlinkPrefixTest/index.php][16/Feb/24 09:49:33][16/Feb/24 09:49:33][took 0.005 secs]
[<<][56cd7cadbeded059853167][DEFAULT][/testlinkPrefixTest/lib/general/mainPage.php][16/Feb/24 09:49:33][16/Feb/24 09:49:33][took 0.074 secs]
[>>][56cd7cadd0efd712660293][DEFAULT][/testlinkPrefixTest/lib/general/mainPage.php][16/Feb/24 09:49:33]
[<<][56cd7cadd0efd712660293][DEFAULT][/testlinkPrefixTest/lib/general/mainPage.php][16/Feb/24 09:49:33][16/Feb/24 09:49:33][took 0.033 secs]
[<<][56cd7cadbf1d5837070180][DEFAULT][/testlinkPrefixTest/lib/general/navBar.php][16/Feb/24 09:49:33][16/Feb/24 09:49:33][took 0.142 secs]
[>>][56cd7cade1c85395716426][DEFAULT][/testlinkPrefixTest/lib/general/navBar.php][16/Feb/24 09:49:33]
[<<][56cd7cade1c85395716426][DEFAULT][/testlinkPrefixTest/lib/general/navBar.php][16/Feb/24 09:49:33][16/Feb/24 09:49:33][took 0.039 secs]
[<<][56cd7cafa480d983191300][DEFAULT][/lib/general/frmWorkArea.php][16/Feb/24 09:49:35][16/Feb/24 09:49:35][took 0.085 secs]
[>>][56cd7cafb97fd715899191][DEFAULT][/lib/general/frmWorkArea.php][16/Feb/24 09:49:35]
[<<][56cd7cafb97fd715899191][DEFAULT][/lib/general/frmWorkArea.php][16/Feb/24 09:49:35][16/Feb/24 09:49:35][took 0.006 secs]
[<<][56cd7cafc6ed5853388190][DEFAULT][/lib/project/project_req_spec_mgmt.php][16/Feb/24 09:49:35][16/Feb/24 09:49:35][took 0.079 secs]
[>>][56cd7cafda755601295452][DEFAULT][/lib/project/project_req_spec_mgmt.php][16/Feb/24 09:49:35]
[<<][56cd7cafda755601295452][DEFAULT][/lib/project/project_req_spec_mgmt.php][16/Feb/24 09:49:35][16/Feb/24 09:49:35][took 0.006 secs]
[<<][56cd7cafc6705428331550][DEFAULT][/lib/requirements/reqSpecListTree.php][16/Feb/24 09:49:35][16/Feb/24 09:49:35][took 0.116 secs]
[>>][56cd7cafe300d467078864][DEFAULT][/lib/requirements/reqSpecListTree.php][16/Feb/24 09:49:35]
[<<][56cd7cafe300d467078864][DEFAULT][/lib/requirements/reqSpecListTree.php][16/Feb/24 09:49:35][16/Feb/24 09:49:35][took 0.043 secs]
[<<][56cd7cb024545800421994][DEFAULT][/lib/ajax/getrequirementnodes.php][16/Feb/24 09:49:36][16/Feb/24 09:49:36][took 0.066 secs]
[>>][56cd7cb034afd574449818][DEFAULT][/lib/ajax/getrequirementnodes.php][16/Feb/24 09:49:36]
[<<][56cd7cb034afd574449818][DEFAULT][/lib/ajax/getrequirementnodes.php][16/Feb/24 09:49:36][16/Feb/24 09:49:36][took 0.006 secs]
[<<][56cd7cb048b4d564165312][DEFAULT][/lib/ajax/getrequirementnodes.php][16/Feb/24 09:49:36][16/Feb/24 09:49:36][took 0.062 secs]
[>>][56cd7cb058165328942257][DEFAULT][/lib/ajax/getrequirementnodes.php][16/Feb/24 09:49:36]
[<<][56cd7cb058165328942257][DEFAULT][/lib/ajax/getrequirementnodes.php][16/Feb/24 09:49:36][16/Feb/24 09:49:36][took 0.006 secs]
[<<][56cd7cb26ecad031640727][DEFAULT][/lib/requirements/reqView.php][16/Feb/24 09:49:38][16/Feb/24 09:49:38][took 0.075 secs]
[>>][56cd7cb2811a5749267342][DEFAULT][/lib/requirements/reqView.php][16/Feb/24 09:49:38]
[<<][56cd7cb2811a5749267342][DEFAULT][/lib/requirements/reqView.php][16/Feb/24 09:49:38][16/Feb/24 09:49:38][took 0.083 secs]
[<<][56cd7cb2d8fe5783887443][DEFAULT][/testlinkPrefixTest/lib/ajax/getreqlog.php][16/Feb/24 09:49:38][16/Feb/24 09:49:38][took 0.065 secs]
[>>][56cd7cb2e8dcd568256751][DEFAULT][/testlinkPrefixTest/lib/ajax/getreqlog.php][16/Feb/24 09:49:38]
[<<][56cd7cb2e8dcd568256751][DEFAULT][/testlinkPrefixTest/lib/ajax/getreqlog.php][16/Feb/24 09:49:38][16/Feb/24 09:49:38][took 0.014 secs]
[<<][56cd7cb485025702414124][DEFAULT][/lib/requirements/reqEdit.php][16/Feb/24 09:49:40][16/Feb/24 09:49:40][took 0.081 secs]
[>>][56cd7cb498c8d940781645][DEFAULT][/lib/requirements/reqEdit.php][16/Feb/24 09:49:40]
[<<][56cd7cb498c8d940781645][DEFAULT][/lib/requirements/reqEdit.php][16/Feb/24 09:49:40][16/Feb/24 09:49:40][took 0.047 secs]
[<<][56cd7cc78b99d349571457][DEFAULT][/testlinkPrefixTest/login.php][16/Feb/24 09:49:59][16/Feb/24 09:49:59][took 0.062 secs]
[>>][56cd7cc79afb5887261434][DEFAULT][/testlinkPrefixTest/login.php][16/Feb/24 09:49:59]
[<<][56cd7cc79afb5887261434][DEFAULT][/testlinkPrefixTest/login.php][16/Feb/24 09:49:59][16/Feb/24 09:49:59][took 0.004 secs]
[<<][56cd7cc7a9245957955624][DEFAULT][/lib/requirements/reqEdit.php][16/Feb/24 09:49:59][16/Feb/24 09:49:59][took 0.085 secs]
[>>][56cd7cc7be235318037605][DEFAULT][/lib/requirements/reqEdit.php][16/Feb/24 09:49:59]
[<<][56cd7cc7be235318037605][DEFAULT][/lib/requirements/reqEdit.php][16/Feb/24 09:49:59][16/Feb/24 09:49:59][took 0.051 secs]
[<<][56cd7cce3cfcd695680171][DEFAULT][/lib/requirements/reqEdit.php][16/Feb/24 09:50:06][16/Feb/24 09:50:06][took 0.081 secs]
[>>][56cd7cce51405068561970][DEFAULT][/lib/requirements/reqEdit.php][16/Feb/24 09:50:06]
	[16/Feb/24 09:50:06][WARNING][4inpv8utgti1g3oaae5fpc8nl5][GUI]
		E_WARNING
Invalid argument supplied for foreach() - in C:\xampp\htdocs\testlinkPrefixTest\lib\functions\requirement_mgr.class.php - Line 4090
	[16/Feb/24 09:50:06][WARNING][4inpv8utgti1g3oaae5fpc8nl5][GUI]
		E_WARNING
Invalid argument supplied for foreach() - in C:\xampp\htdocs\testlinkPrefixTest\lib\functions\requirement_mgr.class.php - Line 4112
	[16/Feb/24 09:50:06][WARNING][4inpv8utgti1g3oaae5fpc8nl5][GUI]
		E_NOTICE
Undefined variable: transformedResults - in C:\xampp\htdocs\testlinkPrefixTest\lib\functions\requirement_mgr.class.php - Line 4129
	[16/Feb/24 09:50:06][WARNING][4inpv8utgti1g3oaae5fpc8nl5][GUI]
		E_STRICT
Only variables should be passed by reference - in C:\xampp\htdocs\testlinkPrefixTest\lib\requirements\reqCommands.class.php - Line 1015
	[16/Feb/24 09:50:06][WARNING][4inpv8utgti1g3oaae5fpc8nl5][GUI]
		E_WARNING
Invalid argument supplied for foreach() - in C:\xampp\htdocs\testlinkPrefixTest\lib\requirements\reqCommands.class.php - Line 1020
	[16/Feb/24 09:50:07][AUDIT][4inpv8utgti1g3oaae5fpc8nl5][GUI]
		Requirement '1.1' was saved
[<<][56cd7cce51405068561970][DEFAULT][/lib/requirements/reqEdit.php][16/Feb/24 09:50:06][16/Feb/24 09:50:07][took 1.201 secs]
[<<][56cd7ccf8c16d192189471][DEFAULT][/lib/requirements/reqView.php][16/Feb/24 09:50:07][16/Feb/24 09:50:07][took 0.074 secs]
[>>][56cd7ccf9e27d935988021][DEFAULT][/lib/requirements/reqView.php][16/Feb/24 09:50:07]
[<<][56cd7ccf9e27d935988021][DEFAULT][/lib/requirements/reqView.php][16/Feb/24 09:50:07][16/Feb/24 09:50:07][took 0.074 secs]
[<<][56cd7ccfdb30d881160096][DEFAULT][/lib/requirements/reqSpecListTree.php][16/Feb/24 09:50:07][16/Feb/24 09:50:07][took 0.078 secs]
[>>][56cd7ccfee7a5121793148][DEFAULT][/lib/requirements/reqSpecListTree.php][16/Feb/24 09:50:07]
[<<][56cd7ccfee7a5121793148][DEFAULT][/lib/requirements/reqSpecListTree.php][16/Feb/24 09:50:07][16/Feb/24 09:50:08][took 0.038 secs]
[<<][56cd7cd02a305996050761][DEFAULT][/lib/ajax/getrequirementnodes.php][16/Feb/24 09:50:08][16/Feb/24 09:50:08][took 0.068 secs]
[>>][56cd7cd03b08d136178526][DEFAULT][/lib/ajax/getrequirementnodes.php][16/Feb/24 09:50:08]
[<<][56cd7cd03b08d136178526][DEFAULT][/lib/ajax/getrequirementnodes.php][16/Feb/24 09:50:08][16/Feb/24 09:50:08][took 0.006 secs]
[<<][56cd7cd04ecf5067809470][DEFAULT][/lib/ajax/getrequirementnodes.php][16/Feb/24 09:50:08][16/Feb/24 09:50:08][took 0.064 secs]
[>>][56cd7cd05eec5913788577][DEFAULT][/lib/ajax/getrequirementnodes.php][16/Feb/24 09:50:08]
[<<][56cd7cd05eec5913788577][DEFAULT][/lib/ajax/getrequirementnodes.php][16/Feb/24 09:50:08][16/Feb/24 09:50:08][took 0.006 secs]
[<<][56cd7d0fd0b15875419120][DEFAULT][/testlinkPrefixTest/lib/ajax/getreqlog.php][16/Feb/24 09:51:11][16/Feb/24 09:51:11][took 0.095 secs]
[>>][56cd7d0fe85fd372741929][DEFAULT][/testlinkPrefixTest/lib/ajax/getreqlog.php][16/Feb/24 09:51:11]
[<<][56cd7d0fe85fd372741929][DEFAULT][/testlinkPrefixTest/lib/ajax/getreqlog.php][16/Feb/24 09:51:11][16/Feb/24 09:51:11][took 0.015 secs]
[<<][56cd7d202398d225924683][DEFAULT][/lib/requirements/reqEdit.php][16/Feb/24 09:51:28][16/Feb/24 09:51:28][took 0.083 secs]
[>>][56cd7d20381ad443711791][DEFAULT][/lib/requirements/reqEdit.php][16/Feb/24 09:51:28]
	[16/Feb/24 09:51:28][WARNING][4inpv8utgti1g3oaae5fpc8nl5][GUI]
		E_STRICT
Only variables should be passed by reference - in C:\xampp\htdocs\testlinkPrefixTest\lib\requirements\reqCommands.class.php - Line 593
[<<][56cd7d20381ad443711791][DEFAULT][/lib/requirements/reqEdit.php][16/Feb/24 09:51:28][16/Feb/24 09:51:29][took 1.143 secs]
[<<][56cd7d21644b5330955979][DEFAULT][/lib/requirements/reqView.php][16/Feb/24 09:51:29][16/Feb/24 09:51:29][took 0.071 secs]
[>>][56cd7d2175a0d228009313][DEFAULT][/lib/requirements/reqView.php][16/Feb/24 09:51:29]
[<<][56cd7d2175a0d228009313][DEFAULT][/lib/requirements/reqView.php][16/Feb/24 09:51:29][16/Feb/24 09:51:29][took 0.081 secs]
[<<][56cd7e4d32fa5336104623][DEFAULT][/lib/requirements/reqEdit.php][16/Feb/24 09:56:29][16/Feb/24 09:56:29][took 0.096 secs]
[>>][56cd7e4d4ae75902815858][DEFAULT][/lib/requirements/reqEdit.php][16/Feb/24 09:56:29]
	[16/Feb/24 09:56:29][WARNING][4inpv8utgti1g3oaae5fpc8nl5][GUI]
		E_STRICT
Only variables should be passed by reference - in C:\xampp\htdocs\testlinkPrefixTest\lib\requirements\reqCommands.class.php - Line 627
	[16/Feb/24 09:56:29][WARNING][4inpv8utgti1g3oaae5fpc8nl5][GUI]
		E_STRICT
Only variables should be passed by reference - in C:\xampp\htdocs\testlinkPrefixTest\lib\requirements\reqCommands.class.php - Line 630
	[16/Feb/24 09:56:30][WARNING][4inpv8utgti1g3oaae5fpc8nl5][GUI]
		E_NOTICE
Undefined variable: target - in C:\xampp\htdocs\testlinkPrefixTest\lib\functions\requirement_mgr.class.php - Line 660
	[16/Feb/24 09:56:30][AUDIT][4inpv8utgti1g3oaae5fpc8nl5][GUI]
		 Version 3 of Req 'DOCID:1.1' - anforderung 1 was deleted.
[<<][56cd7e4d4ae75902815858][DEFAULT][/lib/requirements/reqEdit.php][16/Feb/24 09:56:29][16/Feb/24 09:56:30][took 1.148 secs]
[<<][56cd7e532aad5994439900][DEFAULT][/lib/requirements/reqView.php][16/Feb/24 09:56:35][16/Feb/24 09:56:35][took 0.076 secs]
[>>][56cd7e533d79d704603556][DEFAULT][/lib/requirements/reqView.php][16/Feb/24 09:56:35]
[<<][56cd7e533d79d704603556][DEFAULT][/lib/requirements/reqView.php][16/Feb/24 09:56:35][16/Feb/24 09:56:35][took 0.077 secs]
[<<][56cd7e78a01bd834779914][DEFAULT][/lib/requirements/reqEdit.php][16/Feb/24 09:57:12][16/Feb/24 09:57:12][took 0.077 secs]
[>>][56cd7e78b2e85485500568][DEFAULT][/lib/requirements/reqEdit.php][16/Feb/24 09:57:12]
	[16/Feb/24 09:57:12][WARNING][4inpv8utgti1g3oaae5fpc8nl5][GUI]
		E_STRICT
Only variables should be passed by reference - in C:\xampp\htdocs\testlinkPrefixTest\lib\requirements\reqCommands.class.php - Line 349
	[16/Feb/24 09:57:13][WARNING][4inpv8utgti1g3oaae5fpc8nl5][GUI]
		E_NOTICE
Undefined variable: target - in C:\xampp\htdocs\testlinkPrefixTest\lib\functions\requirement_mgr.class.php - Line 660
	[16/Feb/24 09:57:13][AUDIT][4inpv8utgti1g3oaae5fpc8nl5][GUI]
		Requirement '1.1' was deleted
[<<][56cd7e78b2e85485500568][DEFAULT][/lib/requirements/reqEdit.php][16/Feb/24 09:57:12][16/Feb/24 09:57:13][took 1.081 secs]
[<<][56cd7e79e2455410730972][DEFAULT][/lib/requirements/reqSpecListTree.php][16/Feb/24 09:57:13][16/Feb/24 09:57:14][took 0.078 secs]
[>>][56cd7e7a012c5446489947][DEFAULT][/lib/requirements/reqSpecListTree.php][16/Feb/24 09:57:14]
[<<][56cd7e7a012c5446489947][DEFAULT][/lib/requirements/reqSpecListTree.php][16/Feb/24 09:57:14][16/Feb/24 09:57:14][took 0.038 secs]
[<<][56cd7e7a44115910903172][DEFAULT][/lib/ajax/getrequirementnodes.php][16/Feb/24 09:57:14][16/Feb/24 09:57:14][took 0.069 secs]
[>>][56cd7e7a5566d746262796][DEFAULT][/lib/ajax/getrequirementnodes.php][16/Feb/24 09:57:14]
[<<][56cd7e7a5566d746262796][DEFAULT][/lib/ajax/getrequirementnodes.php][16/Feb/24 09:57:14][16/Feb/24 09:57:14][took 0.008 secs]
[<<][56cd7e7a68b05813586610][DEFAULT][/lib/ajax/getrequirementnodes.php][16/Feb/24 09:57:14][16/Feb/24 09:57:14][took 0.066 secs]
[>>][56cd7e7a790bd321146359][DEFAULT][/lib/ajax/getrequirementnodes.php][16/Feb/24 09:57:14]
[<<][56cd7e7a790bd321146359][DEFAULT][/lib/ajax/getrequirementnodes.php][16/Feb/24 09:57:14][16/Feb/24 09:57:14][took 0.007 secs]
[<<][56cd7e7bdab3d800963138][DEFAULT][/lib/requirements/reqView.php][16/Feb/24 09:57:15][16/Feb/24 09:57:15][took 0.08 secs]
[>>][56cd7e7bee7a5296691645][DEFAULT][/lib/requirements/reqView.php][16/Feb/24 09:57:15]
[<<][56cd7e7bee7a5296691645][DEFAULT][/lib/requirements/reqView.php][16/Feb/24 09:57:15][16/Feb/24 09:57:16][took 0.068 secs]
[<<][56cd7ec969ff9895162924][DEFAULT][/testlinkPrefixTest/index.php][16/Feb/24 09:58:33][16/Feb/24 09:58:33][took 0.066013 secs]
[>>][56cd7ec97a5bf374898664][DEFAULT][/testlinkPrefixTest/index.php][16/Feb/24 09:58:33]
[<<][56cd7ec97a5bf374898664][DEFAULT][/testlinkPrefixTest/index.php][16/Feb/24 09:58:33][16/Feb/24 09:58:33][took 0.0050009999999999 secs]
[<<][56cd7ec98e61f774776124][DEFAULT][/testlinkPrefixTest/lib/general/navBar.php][16/Feb/24 09:58:33][16/Feb/24 09:58:33][took 0.087018 secs]
[>>][56cd7ec9a41d9069385563][DEFAULT][/testlinkPrefixTest/lib/general/navBar.php][16/Feb/24 09:58:33]
[<<][56cd7ec9a41d9069385563][DEFAULT][/testlinkPrefixTest/lib/general/navBar.php][16/Feb/24 09:58:33][16/Feb/24 09:58:33][took 0.026005 secs]
[<<][56cd7ec991cd2704046336][DEFAULT][/testlinkPrefixTest/lib/general/mainPage.php][16/Feb/24 09:58:33][16/Feb/24 09:58:33][took 0.125025 secs]
[>>][56cd7ec9b091b792733092][DEFAULT][/testlinkPrefixTest/lib/general/mainPage.php][16/Feb/24 09:58:33]
[<<][56cd7ec9b091b792733092][DEFAULT][/testlinkPrefixTest/lib/general/mainPage.php][16/Feb/24 09:58:33][16/Feb/24 09:58:33][took 0.038008 secs]
[<<][56cd7ecb8283d289815369][DEFAULT][/lib/general/frmWorkArea.php][16/Feb/24 09:58:35][16/Feb/24 09:58:35][took 0.068014 secs]
[>>][56cd7ecb935d3502611191][DEFAULT][/lib/general/frmWorkArea.php][16/Feb/24 09:58:35]
[<<][56cd7ecb935d3502611191][DEFAULT][/lib/general/frmWorkArea.php][16/Feb/24 09:58:35][16/Feb/24 09:58:35][took 0.006001 secs]
[<<][56cd7ecb9f92d243863490][DEFAULT][/lib/project/project_req_spec_mgmt.php][16/Feb/24 09:58:35][16/Feb/24 09:58:35][took 0.080016 secs]
[>>][56cd7ecbb398e108243099][DEFAULT][/lib/project/project_req_spec_mgmt.php][16/Feb/24 09:58:35]
[<<][56cd7ecbb398e108243099][DEFAULT][/lib/project/project_req_spec_mgmt.php][16/Feb/24 09:58:35][16/Feb/24 09:58:35][took 0.007001 secs]
[<<][56cd7ecb9f92d058787124][DEFAULT][/lib/requirements/reqSpecListTree.php][16/Feb/24 09:58:35][16/Feb/24 09:58:35][took 0.111023 secs]
[>>][56cd7ecbbb2ac254403619][DEFAULT][/lib/requirements/reqSpecListTree.php][16/Feb/24 09:58:35]
[<<][56cd7ecbbb2ac254403619][DEFAULT][/lib/requirements/reqSpecListTree.php][16/Feb/24 09:58:35][16/Feb/24 09:58:35][took 0.045009 secs]
[<<][56cd7ecc0ae93545276657][DEFAULT][/lib/ajax/getrequirementnodes.php][16/Feb/24 09:58:36][16/Feb/24 09:58:36][took 0.069014 secs]
[>>][56cd7ecc1c3fa654735696][DEFAULT][/lib/ajax/getrequirementnodes.php][16/Feb/24 09:58:36]
[<<][56cd7ecc1c3fa654735696][DEFAULT][/lib/ajax/getrequirementnodes.php][16/Feb/24 09:58:36][16/Feb/24 09:58:36][took 0.007001 secs]
[<<][56cd7ecc2e901634417112][DEFAULT][/lib/ajax/getrequirementnodes.php][16/Feb/24 09:58:36][16/Feb/24 09:58:36][took 0.065013 secs]
[>>][56cd7ecc3eec6408693676][DEFAULT][/lib/ajax/getrequirementnodes.php][16/Feb/24 09:58:36]
[<<][56cd7ecc3eec6408693676][DEFAULT][/lib/ajax/getrequirementnodes.php][16/Feb/24 09:58:36][16/Feb/24 09:58:36][took 0.006001 secs]
[<<][56cd7ecd94ed4139713985][DEFAULT][/testlinkPrefixTest/index.php][16/Feb/24 09:58:37][16/Feb/24 09:58:37][took 0.074015 secs]
[>>][56cd7ecda73db841068303][DEFAULT][/testlinkPrefixTest/index.php][16/Feb/24 09:58:37]
[<<][56cd7ecda73db841068303][DEFAULT][/testlinkPrefixTest/index.php][16/Feb/24 09:58:37][16/Feb/24 09:58:37][took 0.0040009999999999 secs]
[<<][56cd7ecdb7d89363021131][DEFAULT][/testlinkPrefixTest/lib/general/navBar.php][16/Feb/24 09:58:37][16/Feb/24 09:58:37][took 0.077015 secs]
[>>][56cd7ecdcae49983296761][DEFAULT][/testlinkPrefixTest/lib/general/navBar.php][16/Feb/24 09:58:37]
[<<][56cd7ecdcae49983296761][DEFAULT][/testlinkPrefixTest/lib/general/navBar.php][16/Feb/24 09:58:37][16/Feb/24 09:58:37][took 0.023004 secs]
[<<][56cd7ecdb9ccb514214359][DEFAULT][/testlinkPrefixTest/lib/general/mainPage.php][16/Feb/24 09:58:37][16/Feb/24 09:58:37][took 0.113022 secs]
[>>][56cd7ecdd5e1a899380791][DEFAULT][/testlinkPrefixTest/lib/general/mainPage.php][16/Feb/24 09:58:37]
[<<][56cd7ecdd5e1a899380791][DEFAULT][/testlinkPrefixTest/lib/general/mainPage.php][16/Feb/24 09:58:37][16/Feb/24 09:58:37][took 0.033006 secs]
[<<][56cd7ed17560a719438616][DEFAULT][/testlinkPrefixTest/logout.php][16/Feb/24 09:58:41][16/Feb/24 09:58:41][took 0.066014 secs]
[>>][56cd7ed185bd0349046925][DEFAULT][/testlinkPrefixTest/logout.php][16/Feb/24 09:58:41]
	[16/Feb/24 09:58:41][AUDIT][4inpv8utgti1g3oaae5fpc8nl5][GUI]
		Logout of 'lejo'
	[16/Feb/25 12:23:56][AUDIT][9i2hk1tkj7jp8gfsbnb2s5snd5][GUI]
		Login for 'lejo' from '::1' succeeded
[<<][56cef25caa01a462203878][DEFAULT][/new_pull/login.php][16/Feb/25 12:23:56][16/Feb/25 12:23:56][took 0.015001 secs]
[<<][56cef25cc7cb6078970869][DEFAULT][/new_pull/index.php][16/Feb/25 12:23:56][16/Feb/25 12:23:56][took 0.073007 secs]
[>>][56cef25cd99e5594753639][DEFAULT][/new_pull/index.php][16/Feb/25 12:23:56]
[<<][56cef25cd99e5594753639][DEFAULT][/new_pull/index.php][16/Feb/25 12:23:56][16/Feb/25 12:23:56][took 0.003 secs]
[<<][56cef25ced26d438051403][DEFAULT][/new_pull/lib/general/navBar.php][16/Feb/25 12:23:56][16/Feb/25 12:23:57][took 0.094009 secs]
[>>][56cef25d10737891858842][DEFAULT][/new_pull/lib/general/navBar.php][16/Feb/25 12:23:57]
[<<][56cef25d10737891858842][DEFAULT][/new_pull/lib/general/navBar.php][16/Feb/25 12:23:57][16/Feb/25 12:23:57][took 0.021002 secs]
[<<][56cef25cf091f324683237][DEFAULT][/new_pull/lib/general/mainPage.php][16/Feb/25 12:23:56][16/Feb/25 12:23:57][took 0.125012 secs]
[>>][56cef25d1b704246514968][DEFAULT][/new_pull/lib/general/mainPage.php][16/Feb/25 12:23:57]
[<<][56cef25d1b704246514968][DEFAULT][/new_pull/lib/general/mainPage.php][16/Feb/25 12:23:57][16/Feb/25 12:23:57][took 0.039003 secs]
[<<][56cef2618215e696795599][DEFAULT][/new_pull/lib/general/frmWorkArea.php][16/Feb/25 12:24:01][16/Feb/25 12:24:01][took 0.064006 secs]
[>>][56cef26191b64399949825][DEFAULT][/new_pull/lib/general/frmWorkArea.php][16/Feb/25 12:24:01]
[<<][56cef26191b64399949825][DEFAULT][/new_pull/lib/general/frmWorkArea.php][16/Feb/25 12:24:01][16/Feb/25 12:24:01][took 0.005 secs]
[<<][56cef261a05ca434529009][DEFAULT][/lib/requirements/reqSpecListTree.php][16/Feb/25 12:24:01][16/Feb/25 12:24:01][took 0.091009 secs]
[>>][56cef261b6d33895374451][DEFAULT][/lib/requirements/reqSpecListTree.php][16/Feb/25 12:24:01]
	[16/Feb/25 12:24:01][L18N][9i2hk1tkj7jp8gfsbnb2s5snd5][GUI]
		string 'hint_list_of_bugs' is not localized for locale 'de_DE'  - using en_GB
	[16/Feb/25 12:24:01][L18N][9i2hk1tkj7jp8gfsbnb2s5snd5][GUI]
		string 'bugs_on_context' is not localized for locale 'de_DE'  - using en_GB
	[16/Feb/25 12:24:01][L18N][9i2hk1tkj7jp8gfsbnb2s5snd5][GUI]
		string 'tester_works_with_settings' is not localized for locale 'de_DE'  - using en_GB
[<<][56cef261b6d33895374451][DEFAULT][/lib/requirements/reqSpecListTree.php][16/Feb/25 12:24:01][16/Feb/25 12:24:01][took 0.042004 secs]
[<<][56cef261a34ab216628214][DEFAULT][/lib/project/project_req_spec_mgmt.php][16/Feb/25 12:24:01][16/Feb/25 12:24:01][took 0.150015 secs]
[>>][56cef261c7eaa272233604][DEFAULT][/lib/project/project_req_spec_mgmt.php][16/Feb/25 12:24:01]
[<<][56cef261c7eaa272233604][DEFAULT][/lib/project/project_req_spec_mgmt.php][16/Feb/25 12:24:01][16/Feb/25 12:24:01][took 0.007001 secs]
[<<][56cef2621fb61990647366][DEFAULT][/new_pull/lib/ajax/getrequirementnodes.php][16/Feb/25 12:24:02][16/Feb/25 12:24:02][took 0.106011 secs]
[>>][56cef26239d64224119295][DEFAULT][/new_pull/lib/ajax/getrequirementnodes.php][16/Feb/25 12:24:02]
[<<][56cef26239d64224119295][DEFAULT][/new_pull/lib/ajax/getrequirementnodes.php][16/Feb/25 12:24:02][16/Feb/25 12:24:02][took 0.008001 secs]
[<<][56cef26244948275327611][DEFAULT][/new_pull/lib/ajax/getrequirementnodes.php][16/Feb/25 12:24:02][16/Feb/25 12:24:02][took 0.072008 secs]
[>>][56cef26256290746234848][DEFAULT][/new_pull/lib/ajax/getrequirementnodes.php][16/Feb/25 12:24:02]
[<<][56cef26256290746234848][DEFAULT][/new_pull/lib/ajax/getrequirementnodes.php][16/Feb/25 12:24:02][16/Feb/25 12:24:02][took 0.005 secs]
[<<][56cef263612c0381234102][DEFAULT][/new_pull/lib/requirements/reqView.php][16/Feb/25 12:24:03][16/Feb/25 12:24:03][took 0.071007 secs]
[>>][56cef2637281f747601536][DEFAULT][/new_pull/lib/requirements/reqView.php][16/Feb/25 12:24:03]
	[16/Feb/25 12:24:03][L18N][9i2hk1tkj7jp8gfsbnb2s5snd5][GUI]
		string 'click_to_get_attachment' is not localized for locale 'de_DE'  - using en_GB
	[16/Feb/25 12:24:03][L18N][9i2hk1tkj7jp8gfsbnb2s5snd5][GUI]
		string 'display_inline' is not localized for locale 'de_DE'  - using en_GB
	[16/Feb/25 12:24:03][L18N][9i2hk1tkj7jp8gfsbnb2s5snd5][GUI]
		string 'display_ea_string' is not localized for locale 'de_DE'  - using en_GB
	[16/Feb/25 12:24:03][L18N][9i2hk1tkj7jp8gfsbnb2s5snd5][GUI]
		string 'display_inline_string' is not localized for locale 'de_DE'  - using en_GB
[<<][56cef2637281f747601536][DEFAULT][/new_pull/lib/requirements/reqView.php][16/Feb/25 12:24:03][16/Feb/25 12:24:03][took 0.080008 secs]
[<<][56cef2657d8b4515053666][DEFAULT][/new_pull/index.php][16/Feb/25 12:24:05][16/Feb/25 12:24:05][took 0.073007 secs]
[>>][56cef2658fdb3240918607][DEFAULT][/new_pull/index.php][16/Feb/25 12:24:05]
[<<][56cef2658fdb3240918607][DEFAULT][/new_pull/index.php][16/Feb/25 12:24:05][16/Feb/25 12:24:05][took 0.007001 secs]
[<<][56cef265a8c2d216267286][DEFAULT][/new_pull/lib/general/navBar.php][16/Feb/25 12:24:05][16/Feb/25 12:24:05][took 0.089009 secs]
[>>][56cef265be7de672409660][DEFAULT][/new_pull/lib/general/navBar.php][16/Feb/25 12:24:05]
[<<][56cef265be7de672409660][DEFAULT][/new_pull/lib/general/navBar.php][16/Feb/25 12:24:05][16/Feb/25 12:24:05][took 0.026003 secs]
[<<][56cef265a97e6552715256][DEFAULT][/new_pull/lib/general/mainPage.php][16/Feb/25 12:24:05][16/Feb/25 12:24:05][took 0.138013 secs]
[>>][56cef265cb303123384918][DEFAULT][/new_pull/lib/general/mainPage.php][16/Feb/25 12:24:05]
[<<][56cef265cb303123384918][DEFAULT][/new_pull/lib/general/mainPage.php][16/Feb/25 12:24:05][16/Feb/25 12:24:05][took 0.038003 secs]
[<<][56cef26780c45048827376][DEFAULT][/new_pull/lib/requirements/reqManageSubs.php][16/Feb/25 12:24:07][16/Feb/25 12:24:07][took 0.070007 secs]
[>>][56cef267921a4564098794][DEFAULT][/new_pull/lib/requirements/reqManageSubs.php][16/Feb/25 12:24:07]
	[16/Feb/25 12:24:07][WARNING][9i2hk1tkj7jp8gfsbnb2s5snd5][GUI]
		E_NOTICE
Undefined property: stdClass::$all_versions - in C:\xampp\htdocs\new_pull\lib\requirements\reqManageSubs.php - Line 52
	[16/Feb/25 12:24:07][WARNING][9i2hk1tkj7jp8gfsbnb2s5snd5][GUI]
		E_NOTICE
Undefined property: stdClass::$all_versions - in C:\xampp\htdocs\new_pull\lib\requirements\reqManageSubs.php - Line 136
[<<][56cef267921a4564098794][DEFAULT][/new_pull/lib/requirements/reqManageSubs.php][16/Feb/25 12:24:07][16/Feb/25 12:24:07][took 0.035004 secs]
[<<][56cef26adbab6020283164][DEFAULT][/new_pull/index.php][16/Feb/25 12:24:10][16/Feb/25 12:24:10][took 0.072007 secs]
[>>][56cef26aed3fd252697596][DEFAULT][/new_pull/index.php][16/Feb/25 12:24:10]
[<<][56cef26aed3fd252697596][DEFAULT][/new_pull/index.php][16/Feb/25 12:24:10][16/Feb/25 12:24:10][took 0.004001 secs]
[<<][56cef26b108c7638289296][DEFAULT][/new_pull/lib/general/navBar.php][16/Feb/25 12:24:11][16/Feb/25 12:24:11][took 0.083008 secs]
[>>][56cef26b24d07496886571][DEFAULT][/new_pull/lib/general/navBar.php][16/Feb/25 12:24:11]
[<<][56cef26b24d07496886571][DEFAULT][/new_pull/lib/general/navBar.php][16/Feb/25 12:24:11][16/Feb/25 12:24:11][took 0.024003 secs]
[<<][56cef26b108c7526217888][DEFAULT][/new_pull/lib/general/mainPage.php][16/Feb/25 12:24:11][16/Feb/25 12:24:11][took 0.130013 secs]
[>>][56cef26b3088c326175831][DEFAULT][/new_pull/lib/general/mainPage.php][16/Feb/25 12:24:11]
[<<][56cef26b3088c326175831][DEFAULT][/new_pull/lib/general/mainPage.php][16/Feb/25 12:24:11][16/Feb/25 12:24:11][took 0.032003 secs]
[<<][56cef26c1a56f515431248][DEFAULT][/new_pull/logout.php][16/Feb/25 12:24:12][16/Feb/25 12:24:12][took 0.073007 secs]
[>>][56cef26c2c686553422136][DEFAULT][/new_pull/logout.php][16/Feb/25 12:24:12]
	[16/Feb/25 12:24:12][AUDIT][9i2hk1tkj7jp8gfsbnb2s5snd5][GUI]
		Logout of 'lejo'
